{
  "diagnosis": {
    "created_at": "2026-07-02T13:47:31",
    "input_navigation_dir": "work/risk_aware_cbf/results/v4_startguard_active_projection_flight100_v1_bestD",
    "step_file": "work/risk_aware_cbf/results/v4_startguard_active_projection_flight100_v1_bestD/navigation_step_trajectory.csv",
    "scene": "flight",
    "method": "startguard_v1_bestD",
    "checked_transitions": 14322,
    "prediction_type": "independent_dynamics_rollout",
    "independent_rollout_available": true,
    "actual_next_source": "recorded_trajectory_next_row",
    "same_field_used_for_prediction_and_actual": false,
    "prediction_error_mean": 0.00018584718942260908,
    "prediction_error_p95": 0.0006002016249112785,
    "prediction_error_max": 0.004004968795925379,
    "position_error_mean": 0.0,
    "position_error_max": 0.0,
    "all_rollouts_match_recorded_next_state": false,
    "interpretation": "The audit recomputes the next state with the wrapper double-integrator dynamics and the logged executed control. The recorded trajectory was generated by the same deterministic simulator, so zero prediction error is expected. This is an independent dynamics replay against a simulated trajectory, not an external physical prediction audit."
  },
  "summaries": [
    {
      "section": "v4a_audit_repair_needed",
      "num_steps": 1183,
      "base_margin_violation_count": 21,
      "exec_margin_violation_count": 21,
      "collision_count": "",
      "qp_infeasible_count": "",
      "progress_mean": "",
      "runtime_mean": "",
      "runtime_p95": "",
      "correction_used_count": "",
      "correction_success_count": "",
      "correction_failed_count": "",
      "control_delta_mean": "",
      "min_safety_h_min": 0.00041247426997870207
    },
    {
      "section": "v4b_repair_needed",
      "num_steps": "1197",
      "base_margin_violation_count": "15",
      "exec_margin_violation_count": "15",
      "collision_count": "0",
      "qp_infeasible_count": "0",
      "progress_mean": "0.5502362844303678",
      "runtime_mean": "0.06920030725147278",
      "runtime_p95": "0.2458211361197755",
      "correction_used_count": "15",
      "correction_success_count": "0",
      "correction_failed_count": "15",
      "control_delta_mean": "0.00046338405295768203",
      "min_safety_h_min": "0.00044458743650466204"
    },
    {
      "section": "v4a_audit_flight20",
      "num_steps": 1735,
      "base_margin_violation_count": 93,
      "exec_margin_violation_count": 93,
      "collision_count": "",
      "qp_infeasible_count": "",
      "progress_mean": "",
      "runtime_mean": "",
      "runtime_p95": "",
      "correction_used_count": "",
      "correction_success_count": "",
      "correction_failed_count": "",
      "control_delta_mean": "",
      "min_safety_h_min": 0.00032773660495877266
    }
  ],
  "best_sweep": null,
  "correction_stats": {
    "correction_rows": 15,
    "h_improvement_mean": 0.0,
    "h_improvement_max": 0.0,
    "control_delta_mean_from_corrections": 0.050416184961795805,
    "selected_candidate_sources": {
      "scaled_base_0": 15
    }
  },
  "recommended_decision": "PROCEED_TO_HSTEP_PREDICTIVE_RECOVERY"
}
