[2026-07-01T12:04:25] script=/disk1/zlab/projects/safer-splat/work/risk_aware_cbf/scripts/run_risk_aware_v1_pre_cbf_comparison.py
[2026-07-01T12:04:25] scene=flight methods=['no_filter', 'safer_splat_filter', 'risk_aware_v1_pre_cbf'] trials=0-99
[2026-07-01T12:04:25] risk_aware_v1_pre_cbf=candidate_budget=2000 near_distance_threshold=0.05 heading_distance_threshold=0.25 heading_cos_threshold=0.5 risk_score=risk_v2_hybrid
Loading latest checkpoint from load_dir
✅ Done loading checkpoint from outputs/flight/splatfacto/2024-09-12_172434/nerfstudio_models/step-000029999.ckpt
There are 281756 Gaussians in the GSplat model
[2026-07-01T12:04:33] loaded_risk_score_table=work/risk_aware_cbf/results/flight_risk_score_table_v0.csv
[2026-07-01T12:04:33] start method=no_filter trial=0
[2026-07-01T12:04:38] done method=no_filter trial=0 stop=stopped_before_goal collision=True steps=247 min_h=-0.0009112062980420887
[2026-07-01T12:04:38] start method=no_filter trial=1
[2026-07-01T12:04:43] done method=no_filter trial=1 stop=stopped_before_goal collision=True steps=247 min_h=-0.0009000907302834094
[2026-07-01T12:04:43] start method=no_filter trial=2
[2026-07-01T12:04:48] done method=no_filter trial=2 stop=stopped_before_goal collision=True steps=245 min_h=-0.0008999554556794465
[2026-07-01T12:04:49] start method=no_filter trial=3
[2026-07-01T12:04:53] done method=no_filter trial=3 stop=stopped_before_goal collision=True steps=243 min_h=-0.0008999749552458525
[2026-07-01T12:04:54] start method=no_filter trial=4
[2026-07-01T12:04:58] done method=no_filter trial=4 stop=stopped_before_goal collision=True steps=240 min_h=-0.0009000011486932635
[2026-07-01T12:04:59] start method=no_filter trial=5
[2026-07-01T12:05:03] done method=no_filter trial=5 stop=stopped_before_goal collision=True steps=236 min_h=-0.0009015118703246117
[2026-07-01T12:05:04] start method=no_filter trial=6
[2026-07-01T12:05:08] done method=no_filter trial=6 stop=stopped_before_goal collision=True steps=231 min_h=-0.0008999900310300291
[2026-07-01T12:05:09] start method=no_filter trial=7
[2026-07-01T12:05:13] done method=no_filter trial=7 stop=stopped_before_goal collision=True steps=226 min_h=-0.0007862866623327136
[2026-07-01T12:05:14] start method=no_filter trial=8
[2026-07-01T12:05:18] done method=no_filter trial=8 stop=stopped_before_goal collision=True steps=220 min_h=-0.0008975728414952755
[2026-07-01T12:05:19] start method=no_filter trial=9
[2026-07-01T12:05:23] done method=no_filter trial=9 stop=stopped_before_goal collision=True steps=213 min_h=-0.0009002518490888178
[2026-07-01T12:05:23] start method=no_filter trial=10
[2026-07-01T12:05:27] done method=no_filter trial=10 stop=stopped_before_goal collision=True steps=205 min_h=-0.0009074838017113507
[2026-07-01T12:05:28] start method=no_filter trial=11
[2026-07-01T12:05:31] done method=no_filter trial=11 stop=stopped_before_goal collision=True steps=197 min_h=-0.0009040095028467476
[2026-07-01T12:05:32] start method=no_filter trial=12
[2026-07-01T12:05:36] done method=no_filter trial=12 stop=stopped_before_goal collision=True steps=205 min_h=-0.0009000360732898116
[2026-07-01T12:05:36] start method=no_filter trial=13
[2026-07-01T12:05:40] done method=no_filter trial=13 stop=stopped_before_goal collision=True steps=205 min_h=-0.000899905280675739
[2026-07-01T12:05:41] start method=no_filter trial=14
[2026-07-01T12:05:44] done method=no_filter trial=14 stop=stopped_before_goal collision=True steps=198 min_h=-0.000894195050932467
[2026-07-01T12:05:45] start method=no_filter trial=15
[2026-07-01T12:05:49] done method=no_filter trial=15 stop=stopped_before_goal collision=True steps=207 min_h=-0.0009000727441161871
[2026-07-01T12:05:50] start method=no_filter trial=16
[2026-07-01T12:05:54] done method=no_filter trial=16 stop=stopped_before_goal collision=True steps=214 min_h=-0.0009097629226744175
[2026-07-01T12:05:54] start method=no_filter trial=17
[2026-07-01T12:05:58] done method=no_filter trial=17 stop=stopped_before_goal collision=True steps=221 min_h=-0.0009063759353011847
[2026-07-01T12:05:59] start method=no_filter trial=18
[2026-07-01T12:06:03] done method=no_filter trial=18 stop=stopped_before_goal collision=True steps=227 min_h=-0.000900066108442843
[2026-07-01T12:06:04] start method=no_filter trial=19
[2026-07-01T12:06:08] done method=no_filter trial=19 stop=stopped_before_goal collision=True steps=233 min_h=-0.0009000026620924473
[2026-07-01T12:06:09] start method=no_filter trial=20
[2026-07-01T12:06:13] done method=no_filter trial=20 stop=stopped_before_goal collision=True steps=237 min_h=-0.0008559043635614216
[2026-07-01T12:06:14] start method=no_filter trial=21
[2026-07-01T12:06:18] done method=no_filter trial=21 stop=stopped_before_goal collision=True steps=241 min_h=-0.0008294876897707582
[2026-07-01T12:06:19] start method=no_filter trial=22
[2026-07-01T12:06:23] done method=no_filter trial=22 stop=stopped_before_goal collision=True steps=244 min_h=-0.0008602588204666972
[2026-07-01T12:06:24] start method=no_filter trial=23
[2026-07-01T12:06:28] done method=no_filter trial=23 stop=stopped_before_goal collision=True steps=246 min_h=-0.000799585017375648
[2026-07-01T12:06:29] start method=no_filter trial=24
[2026-07-01T12:06:33] done method=no_filter trial=24 stop=stopped_before_goal collision=True steps=247 min_h=-0.000170963816344738
[2026-07-01T12:06:34] start method=no_filter trial=25
[2026-07-01T12:06:39] done method=no_filter trial=25 stop=stopped_before_goal collision=True steps=247 min_h=-0.0008154286770150065
[2026-07-01T12:06:39] start method=no_filter trial=26
[2026-07-01T12:06:44] done method=no_filter trial=26 stop=stopped_before_goal collision=True steps=246 min_h=-0.0008999988785944879
[2026-07-01T12:06:44] start method=no_filter trial=27
[2026-07-01T12:06:49] done method=no_filter trial=27 stop=stopped_before_goal collision=True steps=245 min_h=-0.0009010981302708387
[2026-07-01T12:06:49] start method=no_filter trial=28
[2026-07-01T12:06:53] done method=no_filter trial=28 stop=stopped_before_goal collision=True steps=242 min_h=-0.0009048814536072314
[2026-07-01T12:06:54] start method=no_filter trial=29
[2026-07-01T12:06:58] done method=no_filter trial=29 stop=stopped_before_goal collision=True steps=239 min_h=-0.000904120912309736
[2026-07-01T12:06:59] start method=no_filter trial=30
[2026-07-01T12:07:03] done method=no_filter trial=30 stop=stopped_before_goal collision=True steps=235 min_h=-0.0009009031928144395
[2026-07-01T12:07:04] start method=no_filter trial=31
[2026-07-01T12:07:08] done method=no_filter trial=31 stop=stopped_before_goal collision=True steps=230 min_h=-0.0008844652329571545
[2026-07-01T12:07:09] start method=no_filter trial=32
[2026-07-01T12:07:13] done method=no_filter trial=32 stop=stopped_before_goal collision=True steps=224 min_h=-0.0008997386903502047
[2026-07-01T12:07:14] start method=no_filter trial=33
[2026-07-01T12:07:17] done method=no_filter trial=33 stop=stopped_before_goal collision=True steps=218 min_h=-0.0009000165155157447
[2026-07-01T12:07:18] start method=no_filter trial=34
[2026-07-01T12:07:22] done method=no_filter trial=34 stop=stopped_before_goal collision=True steps=211 min_h=-0.0009008496999740601
[2026-07-01T12:07:22] start method=no_filter trial=35
[2026-07-01T12:07:26] done method=no_filter trial=35 stop=stopped_before_goal collision=True steps=203 min_h=-0.0009094499982893467
[2026-07-01T12:07:27] start method=no_filter trial=36
[2026-07-01T12:07:30] done method=no_filter trial=36 stop=stopped_before_goal collision=True steps=195 min_h=-0.0009069049847312272
[2026-07-01T12:07:31] start method=no_filter trial=37
[2026-07-01T12:07:34] done method=no_filter trial=37 stop=stopped_before_goal collision=True steps=186 min_h=-0.0008863137336447835
[2026-07-01T12:07:35] start method=no_filter trial=38
[2026-07-01T12:07:39] done method=no_filter trial=38 stop=stopped_before_goal collision=True steps=195 min_h=-0.0008999990532174706
[2026-07-01T12:07:39] start method=no_filter trial=39
[2026-07-01T12:07:43] done method=no_filter trial=39 stop=stopped_before_goal collision=True steps=201 min_h=-0.0009006576146930456
[2026-07-01T12:07:44] start method=no_filter trial=40
[2026-07-01T12:07:48] done method=no_filter trial=40 stop=stopped_before_goal collision=True steps=209 min_h=-0.0009001626167446375
[2026-07-01T12:07:48] start method=no_filter trial=41
[2026-07-01T12:07:52] done method=no_filter trial=41 stop=stopped_before_goal collision=True steps=216 min_h=-0.000907686073333025
[2026-07-01T12:07:53] start method=no_filter trial=42
[2026-07-01T12:07:57] done method=no_filter trial=42 stop=stopped_before_goal collision=True steps=223 min_h=-0.0009000370046123862
[2026-07-01T12:07:58] start method=no_filter trial=43
[2026-07-01T12:08:02] done method=no_filter trial=43 stop=stopped_before_goal collision=True steps=229 min_h=-0.0009003326995298266
[2026-07-01T12:08:03] start method=no_filter trial=44
[2026-07-01T12:08:07] done method=no_filter trial=44 stop=stopped_before_goal collision=True steps=234 min_h=-0.0009025740437209606
[2026-07-01T12:08:08] start method=no_filter trial=45
[2026-07-01T12:08:12] done method=no_filter trial=45 stop=stopped_before_goal collision=True steps=238 min_h=-0.0008999786805361509
[2026-07-01T12:08:13] start method=no_filter trial=46
[2026-07-01T12:08:17] done method=no_filter trial=46 stop=stopped_before_goal collision=True steps=242 min_h=-0.0008999555720947683
[2026-07-01T12:08:18] start method=no_filter trial=47
[2026-07-01T12:08:22] done method=no_filter trial=47 stop=stopped_before_goal collision=True steps=244 min_h=-0.0009000061545521021
[2026-07-01T12:08:23] start method=no_filter trial=48
[2026-07-01T12:08:27] done method=no_filter trial=48 stop=stopped_before_goal collision=True steps=246 min_h=-0.0009001072030514479
[2026-07-01T12:08:28] start method=no_filter trial=49
[2026-07-01T12:08:32] done method=no_filter trial=49 stop=stopped_before_goal collision=True steps=247 min_h=-0.000902846222743392
[2026-07-01T12:08:33] start method=no_filter trial=50
[2026-07-01T12:08:38] done method=no_filter trial=50 stop=stopped_before_goal collision=True steps=247 min_h=-0.0009083835175260901
[2026-07-01T12:08:38] start method=no_filter trial=51
[2026-07-01T12:08:43] done method=no_filter trial=51 stop=stopped_before_goal collision=True steps=246 min_h=-0.0008998296107165515
[2026-07-01T12:08:44] start method=no_filter trial=52
[2026-07-01T12:08:48] done method=no_filter trial=52 stop=stopped_before_goal collision=True steps=244 min_h=-0.0007973820902407169
[2026-07-01T12:08:49] start method=no_filter trial=53
[2026-07-01T12:08:53] done method=no_filter trial=53 stop=stopped_before_goal collision=True steps=242 min_h=-0.0005714197177439928
[2026-07-01T12:08:54] start method=no_filter trial=54
[2026-07-01T12:08:58] done method=no_filter trial=54 stop=stopped_before_goal collision=True steps=238 min_h=-0.0008997360127978027
[2026-07-01T12:08:59] start method=no_filter trial=55
[2026-07-01T12:09:03] done method=no_filter trial=55 stop=stopped_before_goal collision=True steps=234 min_h=-0.00028278393438085914
[2026-07-01T12:09:04] start method=no_filter trial=56
[2026-07-01T12:09:08] done method=no_filter trial=56 stop=stopped_before_goal collision=True steps=229 min_h=-0.0008261712500825524
[2026-07-01T12:09:08] start method=no_filter trial=57
[2026-07-01T12:09:12] done method=no_filter trial=57 stop=stopped_before_goal collision=True steps=223 min_h=-0.0008999968995340168
[2026-07-01T12:09:13] start method=no_filter trial=58
[2026-07-01T12:09:17] done method=no_filter trial=58 stop=stopped_before_goal collision=True steps=216 min_h=-0.0008876895299181342
[2026-07-01T12:09:18] start method=no_filter trial=59
[2026-07-01T12:09:22] done method=no_filter trial=59 stop=stopped_before_goal collision=True steps=209 min_h=-0.0008999918354675174
[2026-07-01T12:09:22] start method=no_filter trial=60
[2026-07-01T12:09:26] done method=no_filter trial=60 stop=stopped_before_goal collision=True steps=201 min_h=-0.0009000049321912229
[2026-07-01T12:09:26] start method=no_filter trial=61
[2026-07-01T12:09:30] done method=no_filter trial=61 stop=stopped_before_goal collision=True steps=195 min_h=-0.0008999540586955845
[2026-07-01T12:09:31] start method=no_filter trial=62
[2026-07-01T12:09:34] done method=no_filter trial=62 stop=stopped_before_goal collision=True steps=186 min_h=-0.0009004478342831135
[2026-07-01T12:09:35] start method=no_filter trial=63
[2026-07-01T12:09:38] done method=no_filter trial=63 stop=stopped_before_goal collision=True steps=195 min_h=-0.0009009318891912699
[2026-07-01T12:09:39] start method=no_filter trial=64
[2026-07-01T12:09:43] done method=no_filter trial=64 stop=stopped_before_goal collision=True steps=203 min_h=-0.0009071654640138149
[2026-07-01T12:09:43] start method=no_filter trial=65
[2026-07-01T12:09:47] done method=no_filter trial=65 stop=stopped_before_goal collision=True steps=211 min_h=-0.0009100985480472445
[2026-07-01T12:09:48] start method=no_filter trial=66
[2026-07-01T12:09:52] done method=no_filter trial=66 stop=stopped_before_goal collision=True steps=218 min_h=-0.0009000111022032797
[2026-07-01T12:09:53] start method=no_filter trial=67
[2026-07-01T12:09:57] done method=no_filter trial=67 stop=stopped_before_goal collision=True steps=224 min_h=-0.0008999075507745147
[2026-07-01T12:09:58] start method=no_filter trial=68
[2026-07-01T12:10:02] done method=no_filter trial=68 stop=stopped_before_goal collision=True steps=230 min_h=-0.0009000697755254805
[2026-07-01T12:10:02] start method=no_filter trial=69
[2026-07-01T12:10:07] done method=no_filter trial=69 stop=stopped_before_goal collision=True steps=235 min_h=-0.0009030724177137017
[2026-07-01T12:10:08] start method=no_filter trial=70
[2026-07-01T12:10:12] done method=no_filter trial=70 stop=stopped_before_goal collision=True steps=239 min_h=-0.0009153970750048757
[2026-07-01T12:10:13] start method=no_filter trial=71
[2026-07-01T12:10:17] done method=no_filter trial=71 stop=stopped_before_goal collision=True steps=242 min_h=-0.0009010617504827678
[2026-07-01T12:10:18] start method=no_filter trial=72
[2026-07-01T12:10:22] done method=no_filter trial=72 stop=stopped_before_goal collision=True steps=245 min_h=-0.0009077579597942531
[2026-07-01T12:10:23] start method=no_filter trial=73
[2026-07-01T12:10:27] done method=no_filter trial=73 stop=stopped_before_goal collision=True steps=246 min_h=-0.0008999973069876432
[2026-07-01T12:10:28] start method=no_filter trial=74
[2026-07-01T12:10:32] done method=no_filter trial=74 stop=stopped_before_goal collision=True steps=247 min_h=-0.000804734998382628
[2026-07-01T12:10:33] start method=no_filter trial=75
[2026-07-01T12:10:38] done method=no_filter trial=75 stop=stopped_before_goal collision=True steps=247 min_h=-0.00022796262055635452
[2026-07-01T12:10:39] start method=no_filter trial=76
[2026-07-01T12:10:43] done method=no_filter trial=76 stop=stopped_before_goal collision=False steps=246 min_h=0.001012635650113225
[2026-07-01T12:10:44] start method=no_filter trial=77
[2026-07-01T12:10:48] done method=no_filter trial=77 stop=stopped_before_goal collision=False steps=244 min_h=0.0021470976062119007
[2026-07-01T12:10:49] start method=no_filter trial=78
[2026-07-01T12:10:53] done method=no_filter trial=78 stop=stopped_before_goal collision=False steps=241 min_h=0.0032745320349931717
[2026-07-01T12:10:54] start method=no_filter trial=79
[2026-07-01T12:10:58] done method=no_filter trial=79 stop=stopped_before_goal collision=False steps=237 min_h=0.0003473361721262336
[2026-07-01T12:10:59] start method=no_filter trial=80
[2026-07-01T12:11:03] done method=no_filter trial=80 stop=stopped_before_goal collision=True steps=233 min_h=-0.00041910071740858257
[2026-07-01T12:11:04] start method=no_filter trial=81
[2026-07-01T12:11:08] done method=no_filter trial=81 stop=stopped_before_goal collision=True steps=227 min_h=-0.000795949250459671
[2026-07-01T12:11:09] start method=no_filter trial=82
[2026-07-01T12:11:13] done method=no_filter trial=82 stop=stopped_before_goal collision=True steps=221 min_h=-0.00073612155392766
[2026-07-01T12:11:13] start method=no_filter trial=83
[2026-07-01T12:11:17] done method=no_filter trial=83 stop=stopped_before_goal collision=True steps=214 min_h=-0.0008998541161417961
[2026-07-01T12:11:18] start method=no_filter trial=84
[2026-07-01T12:11:22] done method=no_filter trial=84 stop=stopped_before_goal collision=True steps=207 min_h=-0.0009012008085846901
[2026-07-01T12:11:22] start method=no_filter trial=85
[2026-07-01T12:11:26] done method=no_filter trial=85 stop=stopped_before_goal collision=True steps=198 min_h=-0.0008998480043374002
[2026-07-01T12:11:27] start method=no_filter trial=86
[2026-07-01T12:11:30] done method=no_filter trial=86 stop=stopped_before_goal collision=True steps=205 min_h=-0.0009000809513963759
[2026-07-01T12:11:31] start method=no_filter trial=87
[2026-07-01T12:11:35] done method=no_filter trial=87 stop=stopped_before_goal collision=True steps=205 min_h=-0.0009030928486026824
[2026-07-01T12:11:35] start method=no_filter trial=88
[2026-07-01T12:11:39] done method=no_filter trial=88 stop=stopped_before_goal collision=True steps=197 min_h=-0.0009007708285935223
[2026-07-01T12:11:40] start method=no_filter trial=89
[2026-07-01T12:11:43] done method=no_filter trial=89 stop=stopped_before_goal collision=True steps=205 min_h=-0.000909127586055547
[2026-07-01T12:11:44] start method=no_filter trial=90
[2026-07-01T12:11:48] done method=no_filter trial=90 stop=stopped_before_goal collision=True steps=213 min_h=-0.0009084090124815702
[2026-07-01T12:11:48] start method=no_filter trial=91
[2026-07-01T12:11:52] done method=no_filter trial=91 stop=stopped_before_goal collision=True steps=220 min_h=-0.0008998729172162712
[2026-07-01T12:11:53] start method=no_filter trial=92
[2026-07-01T12:11:57] done method=no_filter trial=92 stop=stopped_before_goal collision=True steps=226 min_h=-0.0008845904958434403
[2026-07-01T12:11:58] start method=no_filter trial=93
[2026-07-01T12:12:02] done method=no_filter trial=93 stop=stopped_before_goal collision=True steps=231 min_h=-0.0008843769901432097
[2026-07-01T12:12:03] start method=no_filter trial=94
[2026-07-01T12:12:07] done method=no_filter trial=94 stop=stopped_before_goal collision=True steps=236 min_h=-0.0007987033459357917
[2026-07-01T12:12:08] start method=no_filter trial=95
[2026-07-01T12:12:12] done method=no_filter trial=95 stop=stopped_before_goal collision=True steps=240 min_h=-0.000723703415133059
[2026-07-01T12:12:13] start method=no_filter trial=96
[2026-07-01T12:12:17] done method=no_filter trial=96 stop=stopped_before_goal collision=True steps=243 min_h=-0.0008999999845400453
[2026-07-01T12:12:18] start method=no_filter trial=97
[2026-07-01T12:12:22] done method=no_filter trial=97 stop=stopped_before_goal collision=True steps=245 min_h=-0.0008999321726150811
[2026-07-01T12:12:23] start method=no_filter trial=98
[2026-07-01T12:12:27] done method=no_filter trial=98 stop=stopped_before_goal collision=True steps=247 min_h=-0.0009000651189126074
[2026-07-01T12:12:28] start method=no_filter trial=99
[2026-07-01T12:12:33] done method=no_filter trial=99 stop=stopped_before_goal collision=True steps=247 min_h=-0.0009112062980420887
[2026-07-01T12:12:33] start method=safer_splat_filter trial=0
ball-to-ellipsoid
[2026-07-01T12:12:46] done method=safer_splat_filter trial=0 stop=stopped_before_goal collision=False steps=93 min_h=0.0006012368248775601
[2026-07-01T12:12:48] start method=safer_splat_filter trial=1
ball-to-ellipsoid
[2026-07-01T12:13:00] done method=safer_splat_filter trial=1 stop=stopped_before_goal collision=False steps=88 min_h=0.0012490706285461783
[2026-07-01T12:13:01] start method=safer_splat_filter trial=2
ball-to-ellipsoid
[2026-07-01T12:13:15] done method=safer_splat_filter trial=2 stop=stopped_before_goal collision=False steps=99 min_h=0.0007776990532875061
[2026-07-01T12:13:15] start method=safer_splat_filter trial=3
ball-to-ellipsoid
[2026-07-01T12:13:28] done method=safer_splat_filter trial=3 stop=stopped_before_goal collision=False steps=89 min_h=0.0013759367866441607
[2026-07-01T12:13:28] start method=safer_splat_filter trial=4
ball-to-ellipsoid
[2026-07-01T12:13:41] done method=safer_splat_filter trial=4 stop=stopped_before_goal collision=False steps=88 min_h=0.001369744655676186
[2026-07-01T12:13:42] start method=safer_splat_filter trial=5
ball-to-ellipsoid
[2026-07-01T12:13:55] done method=safer_splat_filter trial=5 stop=stopped_before_goal collision=False steps=95 min_h=0.0011001419043168426
[2026-07-01T12:13:56] start method=safer_splat_filter trial=6
ball-to-ellipsoid
[2026-07-01T12:14:11] done method=safer_splat_filter trial=6 stop=stopped_before_goal collision=False steps=110 min_h=0.0007961421506479383
[2026-07-01T12:14:12] start method=safer_splat_filter trial=7
ball-to-ellipsoid
[2026-07-01T12:14:30] done method=safer_splat_filter trial=7 stop=stopped_before_goal collision=False steps=131 min_h=0.0005112328799441457
[2026-07-01T12:14:31] start method=safer_splat_filter trial=8
ball-to-ellipsoid
[2026-07-01T12:14:48] done method=safer_splat_filter trial=8 stop=stopped_before_goal collision=False steps=119 min_h=0.0009239447535946965
[2026-07-01T12:14:49] start method=safer_splat_filter trial=9
ball-to-ellipsoid
[2026-07-01T12:15:07] done method=safer_splat_filter trial=9 stop=stopped_before_goal collision=False steps=128 min_h=0.0005074029322713614
[2026-07-01T12:15:08] start method=safer_splat_filter trial=10
ball-to-ellipsoid
[2026-07-01T12:15:20] done method=safer_splat_filter trial=10 stop=stopped_before_goal collision=False steps=83 min_h=0.0007119100773707032
[2026-07-01T12:15:21] start method=safer_splat_filter trial=11
ball-to-ellipsoid
[2026-07-01T12:15:34] done method=safer_splat_filter trial=11 stop=stopped_before_goal collision=False steps=91 min_h=0.000669551664032042
[2026-07-01T12:15:34] start method=safer_splat_filter trial=12
ball-to-ellipsoid
[2026-07-01T12:15:57] done method=safer_splat_filter trial=12 stop=stopped_before_goal collision=False steps=167 min_h=0.00034141039941459894
[2026-07-01T12:15:58] start method=safer_splat_filter trial=13
ball-to-ellipsoid
[2026-07-01T12:16:23] done method=safer_splat_filter trial=13 stop=stopped_before_goal collision=False steps=179 min_h=0.0003255571937188506
[2026-07-01T12:16:24] start method=safer_splat_filter trial=14
ball-to-ellipsoid
[2026-07-01T12:16:34] done method=safer_splat_filter trial=14 stop=stopped_before_goal collision=False steps=70 min_h=0.00034176651388406754
[2026-07-01T12:16:34] start method=safer_splat_filter trial=15
ball-to-ellipsoid
[2026-07-01T12:16:38] done method=safer_splat_filter trial=15 stop=stopped_before_goal collision=False steps=27 min_h=0.00122303597163409
[2026-07-01T12:16:39] start method=safer_splat_filter trial=16
ball-to-ellipsoid
[2026-07-01T12:16:44] done method=safer_splat_filter trial=16 stop=stopped_before_goal collision=False steps=37 min_h=0.0009070709347724915
[2026-07-01T12:16:45] start method=safer_splat_filter trial=17
ball-to-ellipsoid
[2026-07-01T12:16:49] done method=safer_splat_filter trial=17 stop=stopped_before_goal collision=False steps=33 min_h=0.0006833110237494111
[2026-07-01T12:16:50] start method=safer_splat_filter trial=18
ball-to-ellipsoid
[2026-07-01T12:16:53] done method=safer_splat_filter trial=18 stop=stopped_before_goal collision=False steps=23 min_h=0.000925130327232182
[2026-07-01T12:16:54] start method=safer_splat_filter trial=19
ball-to-ellipsoid
[2026-07-01T12:16:55] done method=safer_splat_filter trial=19 stop=stopped_before_goal collision=False steps=9 min_h=0.0008767816470935941
[2026-07-01T12:16:56] start method=safer_splat_filter trial=20
ball-to-ellipsoid
[2026-07-01T12:17:23] done method=safer_splat_filter trial=20 stop=stopped_before_goal collision=False steps=199 min_h=0.00023817643523216248
[2026-07-01T12:17:24] start method=safer_splat_filter trial=21
ball-to-ellipsoid
[2026-07-01T12:17:46] done method=safer_splat_filter trial=21 stop=stopped_before_goal collision=False steps=161 min_h=0.0003599192714318633
[2026-07-01T12:17:46] start method=safer_splat_filter trial=22
ball-to-ellipsoid
[2026-07-01T12:18:08] done method=safer_splat_filter trial=22 stop=stopped_before_goal collision=False steps=159 min_h=0.000935626681894064
[2026-07-01T12:18:09] start method=safer_splat_filter trial=23
ball-to-ellipsoid
[2026-07-01T12:18:34] done method=safer_splat_filter trial=23 stop=stopped_before_goal collision=False steps=179 min_h=0.0008430829038843513
[2026-07-01T12:18:34] start method=safer_splat_filter trial=24
ball-to-ellipsoid
[2026-07-01T12:19:20] done method=safer_splat_filter trial=24 stop=stopped_before_goal collision=False steps=328 min_h=0.0006162081845104694
[2026-07-01T12:19:20] start method=safer_splat_filter trial=25
ball-to-ellipsoid
[2026-07-01T12:19:30] done method=safer_splat_filter trial=25 stop=stopped_before_goal collision=False steps=64 min_h=0.0009727622382342815
[2026-07-01T12:19:30] start method=safer_splat_filter trial=26
ball-to-ellipsoid
[2026-07-01T12:19:42] done method=safer_splat_filter trial=26 stop=stopped_before_goal collision=False steps=84 min_h=0.0005586219485849142
[2026-07-01T12:19:43] start method=safer_splat_filter trial=27
ball-to-ellipsoid
[2026-07-01T12:19:58] done method=safer_splat_filter trial=27 stop=stopped_before_goal collision=False steps=102 min_h=0.0004874829901382327
[2026-07-01T12:19:59] start method=safer_splat_filter trial=28
ball-to-ellipsoid
[2026-07-01T12:20:11] done method=safer_splat_filter trial=28 stop=stopped_before_goal collision=False steps=86 min_h=0.0007253899239003658
[2026-07-01T12:20:12] start method=safer_splat_filter trial=29
ball-to-ellipsoid
[2026-07-01T12:20:20] done method=safer_splat_filter trial=29 stop=stopped_before_goal collision=False steps=64 min_h=0.0013604991836473346
[2026-07-01T12:20:21] start method=safer_splat_filter trial=30
ball-to-ellipsoid
[2026-07-01T12:20:30] done method=safer_splat_filter trial=30 stop=stopped_before_goal collision=False steps=65 min_h=0.0015117883449420333
[2026-07-01T12:20:31] start method=safer_splat_filter trial=31
ball-to-ellipsoid
[2026-07-01T12:20:59] done method=safer_splat_filter trial=31 stop=stopped_before_goal collision=False steps=205 min_h=0.00019784539472311735
[2026-07-01T12:21:00] start method=safer_splat_filter trial=32
ball-to-ellipsoid
[2026-07-01T12:21:21] done method=safer_splat_filter trial=32 stop=stopped_before_goal collision=False steps=164 min_h=0.00044705800246447325
[2026-07-01T12:21:22] start method=safer_splat_filter trial=33
ball-to-ellipsoid
[2026-07-01T12:21:36] done method=safer_splat_filter trial=33 stop=stopped_before_goal collision=False steps=101 min_h=0.0008493338245898485
[2026-07-01T12:21:37] start method=safer_splat_filter trial=34
ball-to-ellipsoid
[2026-07-01T12:22:22] done method=safer_splat_filter trial=34 stop=stopped_before_goal collision=False steps=338 min_h=0.0005023042904213071
[2026-07-01T12:22:23] start method=safer_splat_filter trial=35
ball-to-ellipsoid
[2026-07-01T12:23:10] done method=safer_splat_filter trial=35 stop=stopped_before_goal collision=False steps=334 min_h=0.0004959733923897147
[2026-07-01T12:23:10] start method=safer_splat_filter trial=36
ball-to-ellipsoid
[2026-07-01T12:23:54] done method=safer_splat_filter trial=36 stop=stopped_before_goal collision=False steps=309 min_h=0.0004719898570328951
[2026-07-01T12:23:55] start method=safer_splat_filter trial=37
ball-to-ellipsoid
[2026-07-01T12:24:37] done method=safer_splat_filter trial=37 stop=stopped_before_goal collision=False steps=305 min_h=0.0002964070299640298
[2026-07-01T12:24:38] start method=safer_splat_filter trial=38
ball-to-ellipsoid
[2026-07-01T12:25:08] done method=safer_splat_filter trial=38 stop=stopped_before_goal collision=False steps=212 min_h=0.000319100683555007
[2026-07-01T12:25:08] start method=safer_splat_filter trial=39
ball-to-ellipsoid
[2026-07-01T12:25:33] done method=safer_splat_filter trial=39 stop=stopped_before_goal collision=False steps=185 min_h=0.000562085653655231
[2026-07-01T12:25:34] start method=safer_splat_filter trial=40
ball-to-ellipsoid
[2026-07-01T12:25:57] done method=safer_splat_filter trial=40 stop=stopped_before_goal collision=False steps=168 min_h=0.0008158339187502861
[2026-07-01T12:25:58] start method=safer_splat_filter trial=41
ball-to-ellipsoid
[2026-07-01T12:26:21] done method=safer_splat_filter trial=41 stop=stopped_before_goal collision=False steps=177 min_h=0.0006200360367074609
[2026-07-01T12:26:22] start method=safer_splat_filter trial=42
ball-to-ellipsoid
[2026-07-01T12:26:44] done method=safer_splat_filter trial=42 stop=stopped_before_goal collision=False steps=172 min_h=0.0008097157115116715
[2026-07-01T12:26:45] start method=safer_splat_filter trial=43
ball-to-ellipsoid
[2026-07-01T12:27:08] done method=safer_splat_filter trial=43 stop=stopped_before_goal collision=False steps=172 min_h=0.0010607588337734342
[2026-07-01T12:27:09] start method=safer_splat_filter trial=44
ball-to-ellipsoid
[2026-07-01T12:27:33] done method=safer_splat_filter trial=44 stop=stopped_before_goal collision=False steps=175 min_h=0.0010504123056307435
[2026-07-01T12:27:34] start method=safer_splat_filter trial=45
ball-to-ellipsoid
[2026-07-01T12:27:56] done method=safer_splat_filter trial=45 stop=stopped_before_goal collision=False steps=151 min_h=0.000923407613299787
[2026-07-01T12:27:56] start method=safer_splat_filter trial=46
ball-to-ellipsoid
[2026-07-01T12:28:16] done method=safer_splat_filter trial=46 stop=stopped_before_goal collision=False steps=138 min_h=0.000491595477797091
[2026-07-01T12:28:17] start method=safer_splat_filter trial=47
ball-to-ellipsoid
[2026-07-01T12:28:36] done method=safer_splat_filter trial=47 stop=stopped_before_goal collision=False steps=134 min_h=0.001019362243823707
[2026-07-01T12:28:37] start method=safer_splat_filter trial=48
ball-to-ellipsoid
[2026-07-01T12:28:56] done method=safer_splat_filter trial=48 stop=stopped_before_goal collision=False steps=131 min_h=0.0011915623908862472
[2026-07-01T12:28:57] start method=safer_splat_filter trial=49
ball-to-ellipsoid
[2026-07-01T12:29:14] done method=safer_splat_filter trial=49 stop=stopped_before_goal collision=False steps=122 min_h=0.0015971445245668292
[2026-07-01T12:29:15] start method=safer_splat_filter trial=50
ball-to-ellipsoid
[2026-07-01T12:29:32] done method=safer_splat_filter trial=50 stop=stopped_before_goal collision=False steps=123 min_h=0.0015385228907689452
[2026-07-01T12:29:33] start method=safer_splat_filter trial=51
ball-to-ellipsoid
[2026-07-01T12:29:49] done method=safer_splat_filter trial=51 stop=stopped_before_goal collision=False steps=122 min_h=0.0017227231292054057
[2026-07-01T12:29:50] start method=safer_splat_filter trial=52
ball-to-ellipsoid
[2026-07-01T12:30:07] done method=safer_splat_filter trial=52 stop=stopped_before_goal collision=False steps=122 min_h=0.0017226479249075055
[2026-07-01T12:30:08] start method=safer_splat_filter trial=53
ball-to-ellipsoid
[2026-07-01T12:30:26] done method=safer_splat_filter trial=53 stop=stopped_before_goal collision=False steps=129 min_h=0.001247573527507484
[2026-07-01T12:30:27] start method=safer_splat_filter trial=54
ball-to-ellipsoid
[2026-07-01T12:30:43] done method=safer_splat_filter trial=54 stop=stopped_before_goal collision=False steps=118 min_h=0.0016102256486192346
[2026-07-01T12:30:44] start method=safer_splat_filter trial=55
ball-to-ellipsoid
[2026-07-01T12:31:23] done method=safer_splat_filter trial=55 stop=stopped_before_goal collision=False steps=299 min_h=0.0005405297270044684
[2026-07-01T12:31:24] start method=safer_splat_filter trial=56
ball-to-ellipsoid
[2026-07-01T12:31:43] done method=safer_splat_filter trial=56 stop=stopped_before_goal collision=False steps=134 min_h=0.0006113918498158455
[2026-07-01T12:31:43] start method=safer_splat_filter trial=57
ball-to-ellipsoid
[2026-07-01T12:32:03] done method=safer_splat_filter trial=57 stop=stopped_before_goal collision=True steps=138 min_h=-0.0003094291314482689
[2026-07-01T12:32:04] start method=safer_splat_filter trial=58
ball-to-ellipsoid
[2026-07-01T12:32:28] done method=safer_splat_filter trial=58 stop=stopped_before_goal collision=False steps=166 min_h=0.00013107038103044033
[2026-07-01T12:32:29] start method=safer_splat_filter trial=59
ball-to-ellipsoid
[2026-07-01T12:32:56] done method=safer_splat_filter trial=59 stop=stopped_before_goal collision=False steps=201 min_h=0.00039757159538567066
[2026-07-01T12:32:57] start method=safer_splat_filter trial=60
ball-to-ellipsoid
[2026-07-01T12:33:27] done method=safer_splat_filter trial=60 stop=stopped_before_goal collision=False steps=217 min_h=0.0005249995738267899
[2026-07-01T12:33:27] start method=safer_splat_filter trial=61
ball-to-ellipsoid
[2026-07-01T12:34:00] done method=safer_splat_filter trial=61 stop=stopped_before_goal collision=False steps=234 min_h=0.0002332237781956792
[2026-07-01T12:34:01] start method=safer_splat_filter trial=62
ball-to-ellipsoid
[2026-07-01T12:34:33] done method=safer_splat_filter trial=62 stop=stopped_before_goal collision=False steps=240 min_h=0.0005245687207207084
[2026-07-01T12:34:34] start method=safer_splat_filter trial=63
ball-to-ellipsoid
[2026-07-01T12:34:55] done method=safer_splat_filter trial=63 stop=stopped_before_goal collision=False steps=145 min_h=0.0009977282024919987
[2026-07-01T12:34:55] start method=safer_splat_filter trial=64
ball-to-ellipsoid
[2026-07-01T12:34:56] done method=safer_splat_filter trial=64 stop=stopped_before_goal collision=False steps=6 min_h=0.0017816860927268863
[2026-07-01T12:34:57] start method=safer_splat_filter trial=65
ball-to-ellipsoid
[2026-07-01T12:35:13] done method=safer_splat_filter trial=65 stop=stopped_before_goal collision=False steps=113 min_h=0.0007117876084521413
[2026-07-01T12:35:13] start method=safer_splat_filter trial=66
ball-to-ellipsoid
[2026-07-01T12:35:30] done method=safer_splat_filter trial=66 stop=stopped_before_goal collision=False steps=123 min_h=0.0006006635958328843
[2026-07-01T12:35:31] start method=safer_splat_filter trial=67
ball-to-ellipsoid
[2026-07-01T12:35:48] done method=safer_splat_filter trial=67 stop=stopped_before_goal collision=False steps=126 min_h=0.0009063382167369127
[2026-07-01T12:35:49] start method=safer_splat_filter trial=68
ball-to-ellipsoid
[2026-07-01T12:36:05] done method=safer_splat_filter trial=68 stop=stopped_before_goal collision=False steps=117 min_h=0.000764600234106183
[2026-07-01T12:36:06] start method=safer_splat_filter trial=69
ball-to-ellipsoid
[2026-07-01T12:36:19] done method=safer_splat_filter trial=69 stop=stopped_before_goal collision=False steps=103 min_h=0.0009255643235519528
[2026-07-01T12:36:20] start method=safer_splat_filter trial=70
ball-to-ellipsoid
[2026-07-01T12:36:32] done method=safer_splat_filter trial=70 stop=stopped_before_goal collision=False steps=90 min_h=0.000918256351724267
[2026-07-01T12:36:33] start method=safer_splat_filter trial=71
ball-to-ellipsoid
[2026-07-01T12:36:50] done method=safer_splat_filter trial=71 stop=stopped_before_goal collision=False steps=131 min_h=0.0002752299187704921
[2026-07-01T12:36:51] start method=safer_splat_filter trial=72
ball-to-ellipsoid
[2026-07-01T12:37:08] done method=safer_splat_filter trial=72 stop=stopped_before_goal collision=False steps=130 min_h=0.0008008950389921665
[2026-07-01T12:37:09] start method=safer_splat_filter trial=73
ball-to-ellipsoid
[2026-07-01T12:37:26] done method=safer_splat_filter trial=73 stop=stopped_before_goal collision=False steps=130 min_h=0.0008889860473573208
[2026-07-01T12:37:27] start method=safer_splat_filter trial=74
ball-to-ellipsoid
[2026-07-01T12:37:44] done method=safer_splat_filter trial=74 stop=stopped_before_goal collision=False steps=130 min_h=0.0008256550645455718
[2026-07-01T12:37:44] start method=safer_splat_filter trial=75
ball-to-ellipsoid
[2026-07-01T12:38:28] done method=safer_splat_filter trial=75 stop=stopped_before_goal collision=False steps=308 min_h=0.0005113949300721288
[2026-07-01T12:38:28] start method=safer_splat_filter trial=76
ball-to-ellipsoid
[2026-07-01T12:39:06] done method=safer_splat_filter trial=76 stop=stopped_before_goal collision=False steps=267 min_h=0.0014110197080299258
[2026-07-01T12:39:07] start method=safer_splat_filter trial=77
ball-to-ellipsoid
[2026-07-01T12:39:42] done method=safer_splat_filter trial=77 stop=stopped_before_goal collision=False steps=250 min_h=0.0028563207015395164
[2026-07-01T12:39:42] start method=safer_splat_filter trial=78
ball-to-ellipsoid
[2026-07-01T12:40:16] done method=safer_splat_filter trial=78 stop=stopped_before_goal collision=False steps=242 min_h=0.00328878965228796
[2026-07-01T12:40:17] start method=safer_splat_filter trial=79
ball-to-ellipsoid
[2026-07-01T12:40:52] done method=safer_splat_filter trial=79 stop=stopped_before_goal collision=False steps=249 min_h=0.001803377061150968
[2026-07-01T12:40:52] start method=safer_splat_filter trial=80
ball-to-ellipsoid
[2026-07-01T12:41:34] done method=safer_splat_filter trial=80 stop=stopped_before_goal collision=False steps=299 min_h=0.0007368681253865361
[2026-07-01T12:41:35] start method=safer_splat_filter trial=81
ball-to-ellipsoid
[2026-07-01T12:42:13] done method=safer_splat_filter trial=81 stop=stopped_before_goal collision=False steps=286 min_h=0.0007480989443138242
[2026-07-01T12:42:14] start method=safer_splat_filter trial=82
ball-to-ellipsoid
[2026-07-01T12:42:53] done method=safer_splat_filter trial=82 stop=stopped_before_goal collision=False steps=293 min_h=0.0007962300442159176
[2026-07-01T12:42:54] start method=safer_splat_filter trial=83
ball-to-ellipsoid
[2026-07-01T12:43:02] done method=safer_splat_filter trial=83 stop=stopped_before_goal collision=False steps=60 min_h=0.0006608859403058887
[2026-07-01T12:43:02] start method=safer_splat_filter trial=84
ball-to-ellipsoid
[2026-07-01T12:43:07] done method=safer_splat_filter trial=84 stop=stopped_before_goal collision=False steps=36 min_h=0.0012483493192121387
[2026-07-01T12:43:08] start method=safer_splat_filter trial=85
ball-to-ellipsoid
[2026-07-01T12:43:32] done method=safer_splat_filter trial=85 stop=stopped_before_goal collision=False steps=167 min_h=0.00020390900317579508
[2026-07-01T12:43:33] start method=safer_splat_filter trial=86
ball-to-ellipsoid
[2026-07-01T12:43:55] done method=safer_splat_filter trial=86 stop=stopped_before_goal collision=False steps=149 min_h=0.0003816888201981783
[2026-07-01T12:43:55] start method=safer_splat_filter trial=87
ball-to-ellipsoid
[2026-07-01T12:44:12] done method=safer_splat_filter trial=87 stop=stopped_before_goal collision=False steps=120 min_h=0.000787234865128994
[2026-07-01T12:44:13] start method=safer_splat_filter trial=88
ball-to-ellipsoid
[2026-07-01T12:44:27] done method=safer_splat_filter trial=88 stop=stopped_before_goal collision=False steps=104 min_h=0.0009849247289821506
[2026-07-01T12:44:28] start method=safer_splat_filter trial=89
ball-to-ellipsoid
[2026-07-01T12:44:41] done method=safer_splat_filter trial=89 stop=stopped_before_goal collision=False steps=93 min_h=0.0010682604042813182
[2026-07-01T12:44:41] start method=safer_splat_filter trial=90
ball-to-ellipsoid
[2026-07-01T12:44:53] done method=safer_splat_filter trial=90 stop=stopped_before_goal collision=False steps=86 min_h=0.0014372396981343627
[2026-07-01T12:44:54] start method=safer_splat_filter trial=91
ball-to-ellipsoid
[2026-07-01T12:45:05] done method=safer_splat_filter trial=91 stop=stopped_before_goal collision=False steps=87 min_h=0.0012566420482471585
[2026-07-01T12:45:06] start method=safer_splat_filter trial=92
ball-to-ellipsoid
[2026-07-01T12:45:18] done method=safer_splat_filter trial=92 stop=stopped_before_goal collision=False steps=89 min_h=0.0010126959532499313
[2026-07-01T12:45:19] start method=safer_splat_filter trial=93
ball-to-ellipsoid
[2026-07-01T12:45:36] done method=safer_splat_filter trial=93 stop=stopped_before_goal collision=False steps=121 min_h=0.0003574276342988014
[2026-07-01T12:45:37] start method=safer_splat_filter trial=94
ball-to-ellipsoid
[2026-07-01T12:46:01] done method=safer_splat_filter trial=94 stop=stopped_before_goal collision=False steps=182 min_h=0.0002663765335455537
[2026-07-01T12:46:02] start method=safer_splat_filter trial=95
ball-to-ellipsoid
[2026-07-01T12:46:22] done method=safer_splat_filter trial=95 stop=stopped_before_goal collision=False steps=152 min_h=0.00045991060324013233
[2026-07-01T12:46:23] start method=safer_splat_filter trial=96
ball-to-ellipsoid
[2026-07-01T12:46:35] done method=safer_splat_filter trial=96 stop=stopped_before_goal collision=False steps=84 min_h=0.0012907310156151652
[2026-07-01T12:46:36] start method=safer_splat_filter trial=97
ball-to-ellipsoid
[2026-07-01T12:46:48] done method=safer_splat_filter trial=97 stop=stopped_before_goal collision=False steps=84 min_h=0.001074764528311789
[2026-07-01T12:46:48] start method=safer_splat_filter trial=98
ball-to-ellipsoid
[2026-07-01T12:46:59] done method=safer_splat_filter trial=98 stop=stopped_before_goal collision=False steps=76 min_h=0.0011705270735546947
[2026-07-01T12:47:00] start method=safer_splat_filter trial=99
ball-to-ellipsoid
[2026-07-01T12:47:13] done method=safer_splat_filter trial=99 stop=stopped_before_goal collision=False steps=93 min_h=0.0006012368248775601
[2026-07-01T12:47:14] start method=risk_aware_v1_pre_cbf trial=0
ball-to-ellipsoid
[2026-07-01T12:47:21] done method=risk_aware_v1_pre_cbf trial=0 stop=stopped_before_goal collision=False steps=93 min_h=0.0006012296071276069
[2026-07-01T12:47:22] start method=risk_aware_v1_pre_cbf trial=1
ball-to-ellipsoid
[2026-07-01T12:47:29] done method=risk_aware_v1_pre_cbf trial=1 stop=stopped_before_goal collision=False steps=85 min_h=0.0011820945655927062
[2026-07-01T12:47:30] start method=risk_aware_v1_pre_cbf trial=2
ball-to-ellipsoid
[2026-07-01T12:47:37] done method=risk_aware_v1_pre_cbf trial=2 stop=stopped_before_goal collision=False steps=98 min_h=0.0007648356258869171
[2026-07-01T12:47:38] start method=risk_aware_v1_pre_cbf trial=3
ball-to-ellipsoid
[2026-07-01T12:47:45] done method=risk_aware_v1_pre_cbf trial=3 stop=stopped_before_goal collision=False steps=89 min_h=0.001370814978145063
[2026-07-01T12:47:46] start method=risk_aware_v1_pre_cbf trial=4
ball-to-ellipsoid
[2026-07-01T12:47:53] done method=risk_aware_v1_pre_cbf trial=4 stop=stopped_before_goal collision=False steps=88 min_h=0.001370068290270865
[2026-07-01T12:47:54] start method=risk_aware_v1_pre_cbf trial=5
ball-to-ellipsoid
[2026-07-01T12:48:02] done method=risk_aware_v1_pre_cbf trial=5 stop=stopped_before_goal collision=False steps=95 min_h=0.0011001616949215531
[2026-07-01T12:48:03] start method=risk_aware_v1_pre_cbf trial=6
ball-to-ellipsoid
[2026-07-01T12:48:11] done method=risk_aware_v1_pre_cbf trial=6 stop=stopped_before_goal collision=False steps=110 min_h=0.000796144362539053
[2026-07-01T12:48:12] start method=risk_aware_v1_pre_cbf trial=7
ball-to-ellipsoid
[2026-07-01T12:48:23] done method=risk_aware_v1_pre_cbf trial=7 stop=stopped_before_goal collision=False steps=131 min_h=0.0005112274084240198
[2026-07-01T12:48:23] start method=risk_aware_v1_pre_cbf trial=8
ball-to-ellipsoid
[2026-07-01T12:48:33] done method=risk_aware_v1_pre_cbf trial=8 stop=stopped_before_goal collision=False steps=119 min_h=0.0009239324135705829
[2026-07-01T12:48:34] start method=risk_aware_v1_pre_cbf trial=9
ball-to-ellipsoid
[2026-07-01T12:48:45] done method=risk_aware_v1_pre_cbf trial=9 stop=stopped_before_goal collision=False steps=128 min_h=0.0005074010696262121
[2026-07-01T12:48:45] start method=risk_aware_v1_pre_cbf trial=10
ball-to-ellipsoid
[2026-07-01T12:48:52] done method=risk_aware_v1_pre_cbf trial=10 stop=stopped_before_goal collision=False steps=83 min_h=0.0007119106594473124
[2026-07-01T12:48:53] start method=risk_aware_v1_pre_cbf trial=11
ball-to-ellipsoid
[2026-07-01T12:49:01] done method=risk_aware_v1_pre_cbf trial=11 stop=stopped_before_goal collision=False steps=91 min_h=0.0006695542251691222
[2026-07-01T12:49:02] start method=risk_aware_v1_pre_cbf trial=12
ball-to-ellipsoid
[2026-07-01T12:49:16] done method=risk_aware_v1_pre_cbf trial=12 stop=stopped_before_goal collision=False steps=167 min_h=0.0003416206454858184
[2026-07-01T12:49:16] start method=risk_aware_v1_pre_cbf trial=13
ball-to-ellipsoid
[2026-07-01T12:49:31] done method=risk_aware_v1_pre_cbf trial=13 stop=stopped_before_goal collision=False steps=179 min_h=0.00032773660495877266
[2026-07-01T12:49:32] start method=risk_aware_v1_pre_cbf trial=14
ball-to-ellipsoid
[2026-07-01T12:49:38] done method=risk_aware_v1_pre_cbf trial=14 stop=stopped_before_goal collision=False steps=70 min_h=0.00034176663029938936
[2026-07-01T12:49:38] start method=risk_aware_v1_pre_cbf trial=15
ball-to-ellipsoid
[2026-07-01T12:49:41] done method=risk_aware_v1_pre_cbf trial=15 stop=stopped_before_goal collision=False steps=27 min_h=0.0012230382999405265
[2026-07-01T12:49:42] start method=risk_aware_v1_pre_cbf trial=16
ball-to-ellipsoid
[2026-07-01T12:49:45] done method=risk_aware_v1_pre_cbf trial=16 stop=stopped_before_goal collision=False steps=37 min_h=0.0009070576634258032
[2026-07-01T12:49:45] start method=risk_aware_v1_pre_cbf trial=17
ball-to-ellipsoid
[2026-07-01T12:49:48] done method=risk_aware_v1_pre_cbf trial=17 stop=stopped_before_goal collision=False steps=33 min_h=0.0006833110237494111
[2026-07-01T12:49:49] start method=risk_aware_v1_pre_cbf trial=18
ball-to-ellipsoid
[2026-07-01T12:49:51] done method=risk_aware_v1_pre_cbf trial=18 stop=stopped_before_goal collision=False steps=23 min_h=0.0009251312585547566
[2026-07-01T12:49:52] start method=risk_aware_v1_pre_cbf trial=19
ball-to-ellipsoid
[2026-07-01T12:49:52] done method=risk_aware_v1_pre_cbf trial=19 stop=stopped_before_goal collision=False steps=9 min_h=0.0008767816470935941
[2026-07-01T12:49:53] start method=risk_aware_v1_pre_cbf trial=20
ball-to-ellipsoid
[2026-07-01T12:50:08] done method=risk_aware_v1_pre_cbf trial=20 stop=stopped_before_goal collision=False steps=199 min_h=0.00023817631881684065
[2026-07-01T12:50:09] start method=risk_aware_v1_pre_cbf trial=21
ball-to-ellipsoid
[2026-07-01T12:50:21] done method=risk_aware_v1_pre_cbf trial=21 stop=stopped_before_goal collision=False steps=159 min_h=0.0003599192714318633
[2026-07-01T12:50:22] start method=risk_aware_v1_pre_cbf trial=22
ball-to-ellipsoid
[2026-07-01T12:50:34] done method=risk_aware_v1_pre_cbf trial=22 stop=stopped_before_goal collision=False steps=156 min_h=0.0009356263326480985
[2026-07-01T12:50:35] start method=risk_aware_v1_pre_cbf trial=23
ball-to-ellipsoid
[2026-07-01T12:50:48] done method=risk_aware_v1_pre_cbf trial=23 stop=stopped_before_goal collision=False steps=179 min_h=0.0008423099061474204
[2026-07-01T12:50:49] start method=risk_aware_v1_pre_cbf trial=24
ball-to-ellipsoid
[2026-07-01T12:51:14] done method=risk_aware_v1_pre_cbf trial=24 stop=stopped_before_goal collision=False steps=326 min_h=0.0006150871049612761
[2026-07-01T12:51:15] start method=risk_aware_v1_pre_cbf trial=25
ball-to-ellipsoid
[2026-07-01T12:51:20] done method=risk_aware_v1_pre_cbf trial=25 stop=stopped_before_goal collision=False steps=64 min_h=0.0009727670112624764
[2026-07-01T12:51:21] start method=risk_aware_v1_pre_cbf trial=26
ball-to-ellipsoid
[2026-07-01T12:51:28] done method=risk_aware_v1_pre_cbf trial=26 stop=stopped_before_goal collision=False steps=84 min_h=0.0005586270708590746
[2026-07-01T12:51:28] start method=risk_aware_v1_pre_cbf trial=27
ball-to-ellipsoid
[2026-07-01T12:51:37] done method=risk_aware_v1_pre_cbf trial=27 stop=stopped_before_goal collision=False steps=102 min_h=0.0004874765872955322
[2026-07-01T12:51:37] start method=risk_aware_v1_pre_cbf trial=28
ball-to-ellipsoid
[2026-07-01T12:51:44] done method=risk_aware_v1_pre_cbf trial=28 stop=stopped_before_goal collision=False steps=86 min_h=0.0007253919029608369
[2026-07-01T12:51:45] start method=risk_aware_v1_pre_cbf trial=29
ball-to-ellipsoid
[2026-07-01T12:51:50] done method=risk_aware_v1_pre_cbf trial=29 stop=stopped_before_goal collision=False steps=64 min_h=0.0013604991836473346
[2026-07-01T12:51:51] start method=risk_aware_v1_pre_cbf trial=30
ball-to-ellipsoid
[2026-07-01T12:51:56] done method=risk_aware_v1_pre_cbf trial=30 stop=stopped_before_goal collision=False steps=65 min_h=0.001511789276264608
[2026-07-01T12:51:57] start method=risk_aware_v1_pre_cbf trial=31
ball-to-ellipsoid
[2026-07-01T12:52:13] done method=risk_aware_v1_pre_cbf trial=31 stop=stopped_before_goal collision=False steps=205 min_h=0.00019784551113843918
[2026-07-01T12:52:14] start method=risk_aware_v1_pre_cbf trial=32
ball-to-ellipsoid
[2026-07-01T12:52:27] done method=risk_aware_v1_pre_cbf trial=32 stop=stopped_before_goal collision=False steps=164 min_h=0.00044697721023112535
[2026-07-01T12:52:28] start method=risk_aware_v1_pre_cbf trial=33
ball-to-ellipsoid
[2026-07-01T12:52:36] done method=risk_aware_v1_pre_cbf trial=33 stop=stopped_before_goal collision=False steps=101 min_h=0.0008495085639879107
[2026-07-01T12:52:37] start method=risk_aware_v1_pre_cbf trial=34
ball-to-ellipsoid
[2026-07-01T12:53:03] done method=risk_aware_v1_pre_cbf trial=34 stop=stopped_before_goal collision=False steps=339 min_h=0.0004867707611992955
[2026-07-01T12:53:03] start method=risk_aware_v1_pre_cbf trial=35
ball-to-ellipsoid
[2026-07-01T12:53:30] done method=risk_aware_v1_pre_cbf trial=35 stop=stopped_before_goal collision=False steps=337 min_h=0.0004954762989655137
[2026-07-01T12:53:31] start method=risk_aware_v1_pre_cbf trial=36
ball-to-ellipsoid
[2026-07-01T12:53:56] done method=risk_aware_v1_pre_cbf trial=36 stop=stopped_before_goal collision=False steps=310 min_h=0.0004695733077824116
[2026-07-01T12:53:57] start method=risk_aware_v1_pre_cbf trial=37
ball-to-ellipsoid
[2026-07-01T12:54:22] done method=risk_aware_v1_pre_cbf trial=37 stop=stopped_before_goal collision=False steps=305 min_h=0.0002964030718430877
[2026-07-01T12:54:22] start method=risk_aware_v1_pre_cbf trial=38
ball-to-ellipsoid
[2026-07-01T12:54:39] done method=risk_aware_v1_pre_cbf trial=38 stop=stopped_before_goal collision=False steps=213 min_h=0.0002993772504851222
[2026-07-01T12:54:40] start method=risk_aware_v1_pre_cbf trial=39
ball-to-ellipsoid
[2026-07-01T12:54:54] done method=risk_aware_v1_pre_cbf trial=39 stop=stopped_before_goal collision=False steps=185 min_h=0.0005624040495604277
[2026-07-01T12:54:55] start method=risk_aware_v1_pre_cbf trial=40
ball-to-ellipsoid
[2026-07-01T12:55:08] done method=risk_aware_v1_pre_cbf trial=40 stop=stopped_before_goal collision=False steps=167 min_h=0.0008168856147676706
[2026-07-01T12:55:09] start method=risk_aware_v1_pre_cbf trial=41
ball-to-ellipsoid
[2026-07-01T12:55:23] done method=risk_aware_v1_pre_cbf trial=41 stop=stopped_before_goal collision=False steps=176 min_h=0.0006207633996382356
[2026-07-01T12:55:24] start method=risk_aware_v1_pre_cbf trial=42
ball-to-ellipsoid
[2026-07-01T12:55:37] done method=risk_aware_v1_pre_cbf trial=42 stop=stopped_before_goal collision=False steps=170 min_h=0.0008080123225226998
[2026-07-01T12:55:38] start method=risk_aware_v1_pre_cbf trial=43
ball-to-ellipsoid
[2026-07-01T12:55:51] done method=risk_aware_v1_pre_cbf trial=43 stop=stopped_before_goal collision=False steps=171 min_h=0.0010138406651094556
[2026-07-01T12:55:52] start method=risk_aware_v1_pre_cbf trial=44
ball-to-ellipsoid
[2026-07-01T12:56:06] done method=risk_aware_v1_pre_cbf trial=44 stop=stopped_before_goal collision=False steps=176 min_h=0.0010103540262207389
[2026-07-01T12:56:07] start method=risk_aware_v1_pre_cbf trial=45
ball-to-ellipsoid
[2026-07-01T12:56:19] done method=risk_aware_v1_pre_cbf trial=45 stop=stopped_before_goal collision=False steps=151 min_h=0.0009118643356487155
[2026-07-01T12:56:19] start method=risk_aware_v1_pre_cbf trial=46
ball-to-ellipsoid
[2026-07-01T12:56:30] done method=risk_aware_v1_pre_cbf trial=46 stop=stopped_before_goal collision=False steps=134 min_h=0.000491595477797091
[2026-07-01T12:56:31] start method=risk_aware_v1_pre_cbf trial=47
ball-to-ellipsoid
[2026-07-01T12:56:41] done method=risk_aware_v1_pre_cbf trial=47 stop=stopped_before_goal collision=False steps=133 min_h=0.001019362243823707
[2026-07-01T12:56:42] start method=risk_aware_v1_pre_cbf trial=48
ball-to-ellipsoid
[2026-07-01T12:56:52] done method=risk_aware_v1_pre_cbf trial=48 stop=stopped_before_goal collision=False steps=130 min_h=0.001169688650406897
[2026-07-01T12:56:53] start method=risk_aware_v1_pre_cbf trial=49
ball-to-ellipsoid
[2026-07-01T12:57:02] done method=risk_aware_v1_pre_cbf trial=49 stop=stopped_before_goal collision=False steps=122 min_h=0.0015359030803665519
[2026-07-01T12:57:03] start method=risk_aware_v1_pre_cbf trial=50
ball-to-ellipsoid
[2026-07-01T12:57:13] done method=risk_aware_v1_pre_cbf trial=50 stop=stopped_before_goal collision=False steps=122 min_h=0.001505812513642013
[2026-07-01T12:57:14] start method=risk_aware_v1_pre_cbf trial=51
ball-to-ellipsoid
[2026-07-01T12:57:23] done method=risk_aware_v1_pre_cbf trial=51 stop=stopped_before_goal collision=False steps=115 min_h=0.0016890052938833833
[2026-07-01T12:57:24] start method=risk_aware_v1_pre_cbf trial=52
ball-to-ellipsoid
[2026-07-01T12:57:33] done method=risk_aware_v1_pre_cbf trial=52 stop=stopped_before_goal collision=False steps=115 min_h=0.0014984234003350139
[2026-07-01T12:57:34] start method=risk_aware_v1_pre_cbf trial=53
ball-to-ellipsoid
[2026-07-01T12:57:43] done method=risk_aware_v1_pre_cbf trial=53 stop=stopped_before_goal collision=False steps=124 min_h=0.0010384306078776717
[2026-07-01T12:57:44] start method=risk_aware_v1_pre_cbf trial=54
ball-to-ellipsoid
[2026-07-01T12:57:54] done method=risk_aware_v1_pre_cbf trial=54 stop=stopped_before_goal collision=False steps=117 min_h=0.0014744241489097476
[2026-07-01T12:57:55] start method=risk_aware_v1_pre_cbf trial=55
ball-to-ellipsoid
[2026-07-01T12:58:18] done method=risk_aware_v1_pre_cbf trial=55 stop=stopped_before_goal collision=False steps=291 min_h=0.0005025600548833609
[2026-07-01T12:58:19] start method=risk_aware_v1_pre_cbf trial=56
ball-to-ellipsoid
[2026-07-01T12:58:30] done method=risk_aware_v1_pre_cbf trial=56 stop=stopped_before_goal collision=False steps=132 min_h=0.0006113918498158455
[2026-07-01T12:58:30] start method=risk_aware_v1_pre_cbf trial=57
ball-to-ellipsoid
[2026-07-01T12:58:41] done method=risk_aware_v1_pre_cbf trial=57 stop=stopped_before_goal collision=True steps=138 min_h=-0.0003094291314482689
[2026-07-01T12:58:42] start method=risk_aware_v1_pre_cbf trial=58
ball-to-ellipsoid
[2026-07-01T12:58:55] done method=risk_aware_v1_pre_cbf trial=58 stop=stopped_before_goal collision=False steps=166 min_h=0.00013107038103044033
[2026-07-01T12:58:56] start method=risk_aware_v1_pre_cbf trial=59
ball-to-ellipsoid
[2026-07-01T12:59:12] done method=risk_aware_v1_pre_cbf trial=59 stop=stopped_before_goal collision=False steps=200 min_h=0.00039928662590682507
[2026-07-01T12:59:13] start method=risk_aware_v1_pre_cbf trial=60
ball-to-ellipsoid
[2026-07-01T12:59:30] done method=risk_aware_v1_pre_cbf trial=60 stop=stopped_before_goal collision=False steps=217 min_h=0.0005250013200566173
[2026-07-01T12:59:31] start method=risk_aware_v1_pre_cbf trial=61
ball-to-ellipsoid
[2026-07-01T12:59:50] done method=risk_aware_v1_pre_cbf trial=61 stop=stopped_before_goal collision=False steps=234 min_h=0.00023322273045778275
[2026-07-01T12:59:51] start method=risk_aware_v1_pre_cbf trial=62
ball-to-ellipsoid
[2026-07-01T13:00:10] done method=risk_aware_v1_pre_cbf trial=62 stop=stopped_before_goal collision=False steps=240 min_h=0.0005245673237368464
[2026-07-01T13:00:11] start method=risk_aware_v1_pre_cbf trial=63
ball-to-ellipsoid
[2026-07-01T13:00:23] done method=risk_aware_v1_pre_cbf trial=63 stop=stopped_before_goal collision=False steps=145 min_h=0.0009977378649637103
[2026-07-01T13:00:23] start method=risk_aware_v1_pre_cbf trial=64
ball-to-ellipsoid
[2026-07-01T13:00:24] done method=risk_aware_v1_pre_cbf trial=64 stop=stopped_before_goal collision=False steps=6 min_h=0.0017816860927268863
[2026-07-01T13:00:25] start method=risk_aware_v1_pre_cbf trial=65
ball-to-ellipsoid
[2026-07-01T13:00:34] done method=risk_aware_v1_pre_cbf trial=65 stop=stopped_before_goal collision=False steps=113 min_h=0.0007117885397747159
[2026-07-01T13:00:35] start method=risk_aware_v1_pre_cbf trial=66
ball-to-ellipsoid
[2026-07-01T13:00:45] done method=risk_aware_v1_pre_cbf trial=66 stop=stopped_before_goal collision=False steps=122 min_h=0.0006006635958328843
[2026-07-01T13:00:45] start method=risk_aware_v1_pre_cbf trial=67
ball-to-ellipsoid
[2026-07-01T13:00:56] done method=risk_aware_v1_pre_cbf trial=67 stop=stopped_before_goal collision=False steps=126 min_h=0.0009063378674909472
[2026-07-01T13:00:56] start method=risk_aware_v1_pre_cbf trial=68
ball-to-ellipsoid
[2026-07-01T13:01:06] done method=risk_aware_v1_pre_cbf trial=68 stop=stopped_before_goal collision=False steps=117 min_h=0.0007606818107888103
[2026-07-01T13:01:07] start method=risk_aware_v1_pre_cbf trial=69
ball-to-ellipsoid
[2026-07-01T13:01:15] done method=risk_aware_v1_pre_cbf trial=69 stop=stopped_before_goal collision=False steps=103 min_h=0.0009155835723504424
[2026-07-01T13:01:16] start method=risk_aware_v1_pre_cbf trial=70
ball-to-ellipsoid
[2026-07-01T13:01:23] done method=risk_aware_v1_pre_cbf trial=70 stop=stopped_before_goal collision=False steps=90 min_h=0.0009182550711557269
[2026-07-01T13:01:24] start method=risk_aware_v1_pre_cbf trial=71
ball-to-ellipsoid
[2026-07-01T13:01:35] done method=risk_aware_v1_pre_cbf trial=71 stop=stopped_before_goal collision=False steps=131 min_h=0.00027523073367774487
[2026-07-01T13:01:35] start method=risk_aware_v1_pre_cbf trial=72
ball-to-ellipsoid
[2026-07-01T13:01:46] done method=risk_aware_v1_pre_cbf trial=72 stop=stopped_before_goal collision=False steps=130 min_h=0.0008008956210687757
[2026-07-01T13:01:47] start method=risk_aware_v1_pre_cbf trial=73
ball-to-ellipsoid
[2026-07-01T13:01:57] done method=risk_aware_v1_pre_cbf trial=73 stop=stopped_before_goal collision=False steps=127 min_h=0.0008940683910623193
[2026-07-01T13:01:57] start method=risk_aware_v1_pre_cbf trial=74
ball-to-ellipsoid
[2026-07-01T13:02:08] done method=risk_aware_v1_pre_cbf trial=74 stop=stopped_before_goal collision=False steps=129 min_h=0.0008452639449387789
[2026-07-01T13:02:09] start method=risk_aware_v1_pre_cbf trial=75
ball-to-ellipsoid
[2026-07-01T13:02:34] done method=risk_aware_v1_pre_cbf trial=75 stop=stopped_before_goal collision=False steps=306 min_h=0.0005106080789119005
[2026-07-01T13:02:35] start method=risk_aware_v1_pre_cbf trial=76
ball-to-ellipsoid
[2026-07-01T13:02:57] done method=risk_aware_v1_pre_cbf trial=76 stop=stopped_before_goal collision=False steps=267 min_h=0.0014143165899440646
[2026-07-01T13:02:57] start method=risk_aware_v1_pre_cbf trial=77
ball-to-ellipsoid
[2026-07-01T13:03:18] done method=risk_aware_v1_pre_cbf trial=77 stop=stopped_before_goal collision=False steps=250 min_h=0.0028563207015395164
[2026-07-01T13:03:19] start method=risk_aware_v1_pre_cbf trial=78
ball-to-ellipsoid
[2026-07-01T13:03:39] done method=risk_aware_v1_pre_cbf trial=78 stop=stopped_before_goal collision=False steps=242 min_h=0.0032887905836105347
[2026-07-01T13:03:40] start method=risk_aware_v1_pre_cbf trial=79
ball-to-ellipsoid
[2026-07-01T13:04:00] done method=risk_aware_v1_pre_cbf trial=79 stop=stopped_before_goal collision=False steps=249 min_h=0.001803377061150968
[2026-07-01T13:04:01] start method=risk_aware_v1_pre_cbf trial=80
ball-to-ellipsoid
[2026-07-01T13:04:24] done method=risk_aware_v1_pre_cbf trial=80 stop=stopped_before_goal collision=False steps=299 min_h=0.000736863468773663
[2026-07-01T13:04:25] start method=risk_aware_v1_pre_cbf trial=81
ball-to-ellipsoid
[2026-07-01T13:04:47] done method=risk_aware_v1_pre_cbf trial=81 stop=stopped_before_goal collision=False steps=285 min_h=0.0007629225729033351
[2026-07-01T13:04:48] start method=risk_aware_v1_pre_cbf trial=82
ball-to-ellipsoid
[2026-07-01T13:05:11] done method=risk_aware_v1_pre_cbf trial=82 stop=stopped_before_goal collision=False steps=290 min_h=0.000862236600369215
[2026-07-01T13:05:11] start method=risk_aware_v1_pre_cbf trial=83
ball-to-ellipsoid
[2026-07-01T13:05:16] done method=risk_aware_v1_pre_cbf trial=83 stop=stopped_before_goal collision=False steps=60 min_h=0.0006608852418139577
[2026-07-01T13:05:17] start method=risk_aware_v1_pre_cbf trial=84
ball-to-ellipsoid
[2026-07-01T13:05:20] done method=risk_aware_v1_pre_cbf trial=84 stop=stopped_before_goal collision=False steps=36 min_h=0.0012483479222282767
[2026-07-01T13:05:21] start method=risk_aware_v1_pre_cbf trial=85
ball-to-ellipsoid
[2026-07-01T13:05:35] done method=risk_aware_v1_pre_cbf trial=85 stop=stopped_before_goal collision=False steps=167 min_h=0.0002039091195911169
[2026-07-01T13:05:36] start method=risk_aware_v1_pre_cbf trial=86
ball-to-ellipsoid
[2026-07-01T13:05:48] done method=risk_aware_v1_pre_cbf trial=86 stop=stopped_before_goal collision=False steps=149 min_h=0.00038168986793607473
[2026-07-01T13:05:49] start method=risk_aware_v1_pre_cbf trial=87
ball-to-ellipsoid
[2026-07-01T13:05:59] done method=risk_aware_v1_pre_cbf trial=87 stop=stopped_before_goal collision=False steps=120 min_h=0.0007872317219153047
[2026-07-01T13:06:00] start method=risk_aware_v1_pre_cbf trial=88
ball-to-ellipsoid
[2026-07-01T13:06:09] done method=risk_aware_v1_pre_cbf trial=88 stop=stopped_before_goal collision=False steps=104 min_h=0.0009849228663370013
[2026-07-01T13:06:09] start method=risk_aware_v1_pre_cbf trial=89
ball-to-ellipsoid
[2026-07-01T13:06:17] done method=risk_aware_v1_pre_cbf trial=89 stop=stopped_before_goal collision=False steps=93 min_h=0.0010682711144909263
[2026-07-01T13:06:18] start method=risk_aware_v1_pre_cbf trial=90
ball-to-ellipsoid
[2026-07-01T13:06:25] done method=risk_aware_v1_pre_cbf trial=90 stop=stopped_before_goal collision=False steps=86 min_h=0.001437239465303719
[2026-07-01T13:06:26] start method=risk_aware_v1_pre_cbf trial=91
ball-to-ellipsoid
[2026-07-01T13:06:33] done method=risk_aware_v1_pre_cbf trial=91 stop=stopped_before_goal collision=False steps=87 min_h=0.0012566427467390895
[2026-07-01T13:06:34] start method=risk_aware_v1_pre_cbf trial=92
ball-to-ellipsoid
[2026-07-01T13:06:41] done method=risk_aware_v1_pre_cbf trial=92 stop=stopped_before_goal collision=False steps=89 min_h=0.0010126946726813912
[2026-07-01T13:06:42] start method=risk_aware_v1_pre_cbf trial=93
ball-to-ellipsoid
[2026-07-01T13:06:52] done method=risk_aware_v1_pre_cbf trial=93 stop=stopped_before_goal collision=False steps=121 min_h=0.0003574388101696968
[2026-07-01T13:06:53] start method=risk_aware_v1_pre_cbf trial=94
ball-to-ellipsoid
[2026-07-01T13:07:07] done method=risk_aware_v1_pre_cbf trial=94 stop=stopped_before_goal collision=False steps=182 min_h=0.00026637676637619734
[2026-07-01T13:07:08] start method=risk_aware_v1_pre_cbf trial=95
ball-to-ellipsoid
[2026-07-01T13:07:20] done method=risk_aware_v1_pre_cbf trial=95 stop=stopped_before_goal collision=False steps=149 min_h=0.0005427286960184574
[2026-07-01T13:07:21] start method=risk_aware_v1_pre_cbf trial=96
ball-to-ellipsoid
[2026-07-01T13:07:28] done method=risk_aware_v1_pre_cbf trial=96 stop=stopped_before_goal collision=False steps=84 min_h=0.001290735905058682
[2026-07-01T13:07:29] start method=risk_aware_v1_pre_cbf trial=97
ball-to-ellipsoid
[2026-07-01T13:07:36] done method=risk_aware_v1_pre_cbf trial=97 stop=stopped_before_goal collision=False steps=84 min_h=0.0010747615015134215
[2026-07-01T13:07:37] start method=risk_aware_v1_pre_cbf trial=98
ball-to-ellipsoid
[2026-07-01T13:07:42] done method=risk_aware_v1_pre_cbf trial=98 stop=stopped_before_goal collision=False steps=67 min_h=0.0010044738883152604
[2026-07-01T13:07:43] start method=risk_aware_v1_pre_cbf trial=99
ball-to-ellipsoid
[2026-07-01T13:07:51] done method=risk_aware_v1_pre_cbf trial=99 stop=stopped_before_goal collision=False steps=93 min_h=0.0006012296071276069
[2026-07-01T13:07:53] final_summary=[{"scene": "flight", "method": "no_filter", "rows": 100, "success_count": 0, "collision_count": 96, "collision_free_count": 4, "stopped_before_goal_count": 100, "solver_failed_count": 0, "min_safety_h_min": -0.0009153970750048757, "min_safety_h_mean": -0.0007560982930590399, "goal_distance_reduction_ratio_mean": 0.9879985532371603, "final_goal_distance_mean": 0.006616749583443984, "closest_goal_distance_mean": 0.0008947144342024817, "num_steps_mean": 226.4, "runtime_mean_mean": 2.3227585358060478e-05, "runtime_p95_mean": 3.7207409739494325e-05, "intervention_rate_mean": 0.0, "control_deviation_mean_mean": 0.0, "active_constraints_mean_mean": 0.0, "qp_infeasible_count_sum": 0}, {"scene": "flight", "method": "risk_aware_v1_pre_cbf", "rows": 100, "success_count": 0, "collision_count": 1, "collision_free_count": 99, "stopped_before_goal_count": 100, "solver_failed_count": 0, "min_safety_h_min": -0.0003094291314482689, "min_safety_h_mean": 0.0008489307027775794, "goal_distance_reduction_ratio_mean": 0.45195529113721056, "final_goal_distance_mean": 0.3021667556974484, "closest_goal_distance_mean": 0.30131468890610996, "num_steps_mean": 144.37, "runtime_mean_mean": 0.06199715267959731, "runtime_p95_mean": 0.06945365300402044, "intervention_rate_mean": 0.7568686172402049, "control_deviation_mean_mean": 0.061490030104028204, "active_constraints_mean_mean": 158.81495967853553, "qp_infeasible_count_sum": 0}, {"scene": "flight", "method": "safer_splat_filter", "rows": 100, "success_count": 0, "collision_count": 1, "collision_free_count": 99, "stopped_before_goal_count": 100, "solver_failed_count": 0, "min_safety_h_min": -0.0003094291314482689, "min_safety_h_mean": 0.0008585747808683664, "goal_distance_reduction_ratio_mean": 0.4516750251372018, "final_goal_distance_mean": 0.3023217097518669, "closest_goal_distance_mean": 0.30148220414953786, "num_steps_mean": 145.07, "runtime_mean_mean": 0.11926772699289204, "runtime_p95_mean": 0.13343034221045671, "intervention_rate_mean": 0.7858861937421711, "control_deviation_mean_mean": 0.06204425696130438, "active_constraints_mean_mean": 249.6304611666109, "qp_infeasible_count_sum": 0}]
[2026-07-01T13:07:53] wrote=work/risk_aware_cbf/results/risk_aware_v1_pre_cbf_flight_100_bestD
