[2026-07-02T13:04:26] script=/disk1/zlab/projects/safer-splat/work/risk_aware_cbf/scripts/run_startguard_flight100.py
[2026-07-02T13:04:26] scene=flight trials=0-99 method=risk_aware_v1_bestD repair_method=active_set_verified_projection dry_run=False
Loading latest checkpoint from load_dir
✅ Done loading checkpoint from outputs/flight/splatfacto/2024-09-12_172434/nerfstudio_models/step-000029999.ckpt
There are 281756 Gaussians in the GSplat model
[2026-07-02T13:04:32] loaded_risk_score_table=work/risk_aware_cbf/results/flight_risk_score_table_v0.csv
[2026-07-02T13:04:32] start_navigation method=risk_aware_v1_bestD trial=0 status=initial_safe start_source=original_start
ball-to-ellipsoid
[2026-07-02T13:04:39] done method=risk_aware_v1_bestD trial=0 collision=False min_h=0.0006012296071276069 qpinfeasible=0
[2026-07-02T13:04:39] start_navigation method=risk_aware_v1_bestD trial=1 status=initial_safe start_source=original_start
ball-to-ellipsoid
[2026-07-02T13:04:45] done method=risk_aware_v1_bestD trial=1 collision=False min_h=0.0011820945655927062 qpinfeasible=0
[2026-07-02T13:04:45] start_navigation method=risk_aware_v1_bestD trial=2 status=initial_safe start_source=original_start
ball-to-ellipsoid
[2026-07-02T13:04:52] done method=risk_aware_v1_bestD trial=2 collision=False min_h=0.0007648356258869171 qpinfeasible=0
[2026-07-02T13:04:52] start_navigation method=risk_aware_v1_bestD trial=3 status=initial_safe start_source=original_start
ball-to-ellipsoid
[2026-07-02T13:04:59] done method=risk_aware_v1_bestD trial=3 collision=False min_h=0.001370814978145063 qpinfeasible=0
[2026-07-02T13:04:59] start_navigation method=risk_aware_v1_bestD trial=4 status=initial_safe start_source=original_start
ball-to-ellipsoid
[2026-07-02T13:05:06] done method=risk_aware_v1_bestD trial=4 collision=False min_h=0.001370068290270865 qpinfeasible=0
[2026-07-02T13:05:06] start_navigation method=risk_aware_v1_bestD trial=5 status=initial_safe start_source=original_start
ball-to-ellipsoid
[2026-07-02T13:05:13] done method=risk_aware_v1_bestD trial=5 collision=False min_h=0.0011001616949215531 qpinfeasible=0
[2026-07-02T13:05:13] start_navigation method=risk_aware_v1_bestD trial=6 status=initial_safe start_source=original_start
ball-to-ellipsoid
[2026-07-02T13:05:21] done method=risk_aware_v1_bestD trial=6 collision=False min_h=0.000796144362539053 qpinfeasible=0
[2026-07-02T13:05:21] start_navigation method=risk_aware_v1_bestD trial=7 status=initial_safe start_source=original_start
ball-to-ellipsoid
[2026-07-02T13:05:31] done method=risk_aware_v1_bestD trial=7 collision=False min_h=0.0005112274084240198 qpinfeasible=0
[2026-07-02T13:05:31] start_navigation method=risk_aware_v1_bestD trial=8 status=initial_safe start_source=original_start
ball-to-ellipsoid
[2026-07-02T13:05:40] done method=risk_aware_v1_bestD trial=8 collision=False min_h=0.0009239324135705829 qpinfeasible=0
[2026-07-02T13:05:40] start_navigation method=risk_aware_v1_bestD trial=9 status=initial_safe start_source=original_start
ball-to-ellipsoid
[2026-07-02T13:05:50] done method=risk_aware_v1_bestD trial=9 collision=False min_h=0.0005074010696262121 qpinfeasible=0
[2026-07-02T13:05:50] start_navigation method=risk_aware_v1_bestD trial=10 status=initial_safe start_source=original_start
ball-to-ellipsoid
[2026-07-02T13:05:56] done method=risk_aware_v1_bestD trial=10 collision=False min_h=0.0007119106594473124 qpinfeasible=0
[2026-07-02T13:05:56] start_navigation method=risk_aware_v1_bestD trial=11 status=initial_safe start_source=original_start
ball-to-ellipsoid
[2026-07-02T13:06:03] done method=risk_aware_v1_bestD trial=11 collision=False min_h=0.0006695542251691222 qpinfeasible=0
[2026-07-02T13:06:03] start_navigation method=risk_aware_v1_bestD trial=12 status=initial_safe start_source=original_start
ball-to-ellipsoid
[2026-07-02T13:06:16] done method=risk_aware_v1_bestD trial=12 collision=False min_h=0.0003416206454858184 qpinfeasible=0
[2026-07-02T13:06:16] start_navigation method=risk_aware_v1_bestD trial=13 status=initial_safe start_source=original_start
ball-to-ellipsoid
[2026-07-02T13:06:29] done method=risk_aware_v1_bestD trial=13 collision=False min_h=0.00032773660495877266 qpinfeasible=0
[2026-07-02T13:07:18] script=/disk1/zlab/projects/safer-splat/work/risk_aware_cbf/scripts/run_startguard_flight100.py
[2026-07-02T13:07:18] scene=flight trials=0-99 method=risk_aware_v1_bestD repair_method=active_set_verified_projection dry_run=False
Loading latest checkpoint from load_dir
✅ Done loading checkpoint from outputs/flight/splatfacto/2024-09-12_172434/nerfstudio_models/step-000029999.ckpt
There are 281756 Gaussians in the GSplat model
[2026-07-02T13:07:23] loaded_risk_score_table=work/risk_aware_cbf/results/flight_risk_score_table_v0.csv
[2026-07-02T13:07:23] skip_existing method=risk_aware_v1_bestD trial=0
[2026-07-02T13:07:23] skip_existing method=risk_aware_v1_bestD trial=1
[2026-07-02T13:07:23] skip_existing method=risk_aware_v1_bestD trial=2
[2026-07-02T13:07:23] skip_existing method=risk_aware_v1_bestD trial=3
[2026-07-02T13:07:23] skip_existing method=risk_aware_v1_bestD trial=4
[2026-07-02T13:07:23] skip_existing method=risk_aware_v1_bestD trial=5
[2026-07-02T13:07:23] skip_existing method=risk_aware_v1_bestD trial=6
[2026-07-02T13:07:23] skip_existing method=risk_aware_v1_bestD trial=7
[2026-07-02T13:07:23] skip_existing method=risk_aware_v1_bestD trial=8
[2026-07-02T13:07:23] skip_existing method=risk_aware_v1_bestD trial=9
[2026-07-02T13:07:23] skip_existing method=risk_aware_v1_bestD trial=10
[2026-07-02T13:07:23] skip_existing method=risk_aware_v1_bestD trial=11
[2026-07-02T13:07:23] skip_existing method=risk_aware_v1_bestD trial=12
[2026-07-02T13:07:23] skip_existing method=risk_aware_v1_bestD trial=13
[2026-07-02T13:07:23] skip_existing method=risk_aware_v1_bestD trial=14
[2026-07-02T13:07:23] start_navigation method=risk_aware_v1_bestD trial=15 status=initial_safe start_source=original_start
ball-to-ellipsoid
[2026-07-02T13:07:26] done method=risk_aware_v1_bestD trial=15 collision=False min_h=0.0012230382999405265 qpinfeasible=0
[2026-07-02T13:07:26] start_navigation method=risk_aware_v1_bestD trial=16 status=initial_safe start_source=original_start
ball-to-ellipsoid
[2026-07-02T13:07:28] done method=risk_aware_v1_bestD trial=16 collision=False min_h=0.0009070576634258032 qpinfeasible=0
[2026-07-02T13:07:28] start_navigation method=risk_aware_v1_bestD trial=17 status=initial_safe start_source=original_start
ball-to-ellipsoid
[2026-07-02T13:07:31] done method=risk_aware_v1_bestD trial=17 collision=False min_h=0.0006833110237494111 qpinfeasible=0
[2026-07-02T13:07:31] start_navigation method=risk_aware_v1_bestD trial=18 status=initial_safe start_source=original_start
ball-to-ellipsoid
[2026-07-02T13:07:33] done method=risk_aware_v1_bestD trial=18 collision=False min_h=0.0009251312585547566 qpinfeasible=0
[2026-07-02T13:07:33] start_navigation method=risk_aware_v1_bestD trial=19 status=initial_safe start_source=original_start
ball-to-ellipsoid
[2026-07-02T13:07:33] done method=risk_aware_v1_bestD trial=19 collision=False min_h=0.0008767816470935941 qpinfeasible=0
[2026-07-02T13:07:33] start_navigation method=risk_aware_v1_bestD trial=20 status=initial_near_unsafe start_source=repaired_start
ball-to-ellipsoid
[2026-07-02T13:07:48] done method=risk_aware_v1_bestD trial=20 collision=False min_h=0.00041247426997870207 qpinfeasible=0
[2026-07-02T13:07:48] start_navigation method=risk_aware_v1_bestD trial=21 status=initial_near_unsafe start_source=repaired_start
ball-to-ellipsoid
[2026-07-02T13:07:59] done method=risk_aware_v1_bestD trial=21 collision=False min_h=0.0005941835697740316 qpinfeasible=0
[2026-07-02T13:07:59] start_navigation method=risk_aware_v1_bestD trial=22 status=initial_near_unsafe start_source=repaired_start
ball-to-ellipsoid
[2026-07-02T13:08:10] done method=risk_aware_v1_bestD trial=22 collision=False min_h=0.0009356263326480985 qpinfeasible=0
[2026-07-02T13:08:10] start_navigation method=risk_aware_v1_bestD trial=23 status=initial_safe start_source=original_start
ball-to-ellipsoid
[2026-07-02T13:08:23] done method=risk_aware_v1_bestD trial=23 collision=False min_h=0.0008423099061474204 qpinfeasible=0
[2026-07-02T13:08:23] start_navigation method=risk_aware_v1_bestD trial=24 status=initial_safe start_source=original_start
ball-to-ellipsoid
[2026-07-02T13:08:47] done method=risk_aware_v1_bestD trial=24 collision=False min_h=0.0006150871049612761 qpinfeasible=0
[2026-07-02T13:08:47] start_navigation method=risk_aware_v1_bestD trial=25 status=initial_safe start_source=original_start
ball-to-ellipsoid
[2026-07-02T13:08:52] done method=risk_aware_v1_bestD trial=25 collision=False min_h=0.0009727670112624764 qpinfeasible=0
[2026-07-02T13:08:52] start_navigation method=risk_aware_v1_bestD trial=26 status=initial_safe start_source=original_start
ball-to-ellipsoid
[2026-07-02T13:08:58] done method=risk_aware_v1_bestD trial=26 collision=False min_h=0.0005586270708590746 qpinfeasible=0
[2026-07-02T13:08:58] start_navigation method=risk_aware_v1_bestD trial=27 status=initial_safe start_source=original_start
ball-to-ellipsoid
[2026-07-02T13:09:06] done method=risk_aware_v1_bestD trial=27 collision=False min_h=0.0004874765872955322 qpinfeasible=0
[2026-07-02T13:09:06] start_navigation method=risk_aware_v1_bestD trial=28 status=initial_safe start_source=original_start
ball-to-ellipsoid
[2026-07-02T13:09:13] done method=risk_aware_v1_bestD trial=28 collision=False min_h=0.0007253919029608369 qpinfeasible=0
[2026-07-02T13:09:13] start_navigation method=risk_aware_v1_bestD trial=29 status=initial_safe start_source=original_start
ball-to-ellipsoid
[2026-07-02T13:09:18] done method=risk_aware_v1_bestD trial=29 collision=False min_h=0.0013604991836473346 qpinfeasible=0
[2026-07-02T13:09:18] start_navigation method=risk_aware_v1_bestD trial=30 status=initial_safe start_source=original_start
ball-to-ellipsoid
[2026-07-02T13:09:23] done method=risk_aware_v1_bestD trial=30 collision=False min_h=0.001511789276264608 qpinfeasible=0
[2026-07-02T13:09:23] start_navigation method=risk_aware_v1_bestD trial=31 status=initial_safe start_source=original_start
ball-to-ellipsoid
[2026-07-02T13:09:39] done method=risk_aware_v1_bestD trial=31 collision=False min_h=0.00019784551113843918 qpinfeasible=0
[2026-07-02T13:09:39] start_navigation method=risk_aware_v1_bestD trial=32 status=initial_safe start_source=original_start
ball-to-ellipsoid
[2026-07-02T13:09:51] done method=risk_aware_v1_bestD trial=32 collision=False min_h=0.00044697721023112535 qpinfeasible=0
[2026-07-02T13:09:51] start_navigation method=risk_aware_v1_bestD trial=33 status=initial_safe start_source=original_start
ball-to-ellipsoid
[2026-07-02T13:09:59] done method=risk_aware_v1_bestD trial=33 collision=False min_h=0.0008495085639879107 qpinfeasible=0
[2026-07-02T13:09:59] start_navigation method=risk_aware_v1_bestD trial=34 status=initial_safe start_source=original_start
ball-to-ellipsoid
[2026-07-02T13:10:25] done method=risk_aware_v1_bestD trial=34 collision=False min_h=0.0004867707611992955 qpinfeasible=0
[2026-07-02T13:10:25] start_navigation method=risk_aware_v1_bestD trial=35 status=initial_safe start_source=original_start
ball-to-ellipsoid
[2026-07-02T13:10:50] done method=risk_aware_v1_bestD trial=35 collision=False min_h=0.0004954762989655137 qpinfeasible=0
[2026-07-02T13:10:50] start_navigation method=risk_aware_v1_bestD trial=36 status=initial_safe start_source=original_start
ball-to-ellipsoid
[2026-07-02T13:11:14] done method=risk_aware_v1_bestD trial=36 collision=False min_h=0.0004695733077824116 qpinfeasible=0
[2026-07-02T13:11:14] start_navigation method=risk_aware_v1_bestD trial=37 status=initial_safe start_source=original_start
ball-to-ellipsoid
[2026-07-02T13:11:37] done method=risk_aware_v1_bestD trial=37 collision=False min_h=0.0002964030718430877 qpinfeasible=0
[2026-07-02T13:11:37] start_navigation method=risk_aware_v1_bestD trial=38 status=initial_safe start_source=original_start
ball-to-ellipsoid
[2026-07-02T13:11:53] done method=risk_aware_v1_bestD trial=38 collision=False min_h=0.0002993772504851222 qpinfeasible=0
[2026-07-02T13:11:53] start_navigation method=risk_aware_v1_bestD trial=39 status=initial_safe start_source=original_start
ball-to-ellipsoid
[2026-07-02T13:12:06] done method=risk_aware_v1_bestD trial=39 collision=False min_h=0.0005624040495604277 qpinfeasible=0
[2026-07-02T13:12:06] start_navigation method=risk_aware_v1_bestD trial=40 status=initial_safe start_source=original_start
ball-to-ellipsoid
[2026-07-02T13:12:19] done method=risk_aware_v1_bestD trial=40 collision=False min_h=0.0008168856147676706 qpinfeasible=0
[2026-07-02T13:12:19] start_navigation method=risk_aware_v1_bestD trial=41 status=initial_safe start_source=original_start
ball-to-ellipsoid
[2026-07-02T13:12:32] done method=risk_aware_v1_bestD trial=41 collision=False min_h=0.0006207633996382356 qpinfeasible=0
[2026-07-02T13:12:32] start_navigation method=risk_aware_v1_bestD trial=42 status=initial_safe start_source=original_start
ball-to-ellipsoid
[2026-07-02T13:12:45] done method=risk_aware_v1_bestD trial=42 collision=False min_h=0.0008080123225226998 qpinfeasible=0
[2026-07-02T13:12:45] start_navigation method=risk_aware_v1_bestD trial=43 status=initial_safe start_source=original_start
ball-to-ellipsoid
[2026-07-02T13:12:57] done method=risk_aware_v1_bestD trial=43 collision=False min_h=0.0010138406651094556 qpinfeasible=0
[2026-07-02T13:12:57] start_navigation method=risk_aware_v1_bestD trial=44 status=initial_safe start_source=original_start
ball-to-ellipsoid
[2026-07-02T13:13:11] done method=risk_aware_v1_bestD trial=44 collision=False min_h=0.0010103540262207389 qpinfeasible=0
[2026-07-02T13:13:11] start_navigation method=risk_aware_v1_bestD trial=45 status=initial_safe start_source=original_start
ball-to-ellipsoid
[2026-07-02T13:13:22] done method=risk_aware_v1_bestD trial=45 collision=False min_h=0.0009118643356487155 qpinfeasible=0
[2026-07-02T13:13:22] start_navigation method=risk_aware_v1_bestD trial=46 status=initial_near_unsafe start_source=repaired_start
ball-to-ellipsoid
[2026-07-02T13:13:32] done method=risk_aware_v1_bestD trial=46 collision=False min_h=0.0006874161772429943 qpinfeasible=0
[2026-07-02T13:13:32] start_navigation method=risk_aware_v1_bestD trial=47 status=initial_safe start_source=original_start
ball-to-ellipsoid
[2026-07-02T13:13:41] done method=risk_aware_v1_bestD trial=47 collision=False min_h=0.001019362243823707 qpinfeasible=0
[2026-07-02T13:13:41] start_navigation method=risk_aware_v1_bestD trial=48 status=initial_safe start_source=original_start
ball-to-ellipsoid
[2026-07-02T13:13:51] done method=risk_aware_v1_bestD trial=48 collision=False min_h=0.001169688650406897 qpinfeasible=0
[2026-07-02T13:13:51] start_navigation method=risk_aware_v1_bestD trial=49 status=initial_safe start_source=original_start
ball-to-ellipsoid
[2026-07-02T13:14:01] done method=risk_aware_v1_bestD trial=49 collision=False min_h=0.0015359030803665519 qpinfeasible=0
[2026-07-02T13:14:01] start_navigation method=risk_aware_v1_bestD trial=50 status=initial_safe start_source=original_start
ball-to-ellipsoid
[2026-07-02T13:14:10] done method=risk_aware_v1_bestD trial=50 collision=False min_h=0.001505812513642013 qpinfeasible=0
[2026-07-02T13:14:10] start_navigation method=risk_aware_v1_bestD trial=51 status=initial_safe start_source=original_start
ball-to-ellipsoid
[2026-07-02T13:14:19] done method=risk_aware_v1_bestD trial=51 collision=False min_h=0.0016890052938833833 qpinfeasible=0
[2026-07-02T13:14:19] start_navigation method=risk_aware_v1_bestD trial=52 status=initial_safe start_source=original_start
ball-to-ellipsoid
[2026-07-02T13:14:27] done method=risk_aware_v1_bestD trial=52 collision=False min_h=0.0014984234003350139 qpinfeasible=0
[2026-07-02T13:14:27] start_navigation method=risk_aware_v1_bestD trial=53 status=initial_safe start_source=original_start
ball-to-ellipsoid
[2026-07-02T13:14:36] done method=risk_aware_v1_bestD trial=53 collision=False min_h=0.0010384306078776717 qpinfeasible=0
[2026-07-02T13:14:36] start_navigation method=risk_aware_v1_bestD trial=54 status=initial_safe start_source=original_start
ball-to-ellipsoid
[2026-07-02T13:14:45] done method=risk_aware_v1_bestD trial=54 collision=False min_h=0.0014744241489097476 qpinfeasible=0
[2026-07-02T13:14:45] start_navigation method=risk_aware_v1_bestD trial=55 status=initial_safe start_source=original_start
ball-to-ellipsoid
[2026-07-02T13:15:07] done method=risk_aware_v1_bestD trial=55 collision=False min_h=0.0005025600548833609 qpinfeasible=0
[2026-07-02T13:15:07] start_navigation method=risk_aware_v1_bestD trial=56 status=initial_near_unsafe start_source=repaired_start
ball-to-ellipsoid
[2026-07-02T13:15:17] done method=risk_aware_v1_bestD trial=56 collision=False min_h=0.0006113918498158455 qpinfeasible=0
[2026-07-02T13:15:17] start_navigation method=risk_aware_v1_bestD trial=57 status=initial_unsafe start_source=repaired_start
ball-to-ellipsoid
[2026-07-02T13:15:27] done method=risk_aware_v1_bestD trial=57 collision=False min_h=0.0008891354082152247 qpinfeasible=0
[2026-07-02T13:15:27] start_navigation method=risk_aware_v1_bestD trial=58 status=initial_near_unsafe start_source=repaired_start
ball-to-ellipsoid
[2026-07-02T13:15:38] done method=risk_aware_v1_bestD trial=58 collision=False min_h=0.0005571166984736919 qpinfeasible=0
[2026-07-02T13:15:38] start_navigation method=risk_aware_v1_bestD trial=59 status=initial_safe start_source=original_start
ball-to-ellipsoid
[2026-07-02T13:15:53] done method=risk_aware_v1_bestD trial=59 collision=False min_h=0.00039928662590682507 qpinfeasible=0
[2026-07-02T13:15:53] start_navigation method=risk_aware_v1_bestD trial=60 status=initial_safe start_source=original_start
ball-to-ellipsoid
[2026-07-02T13:16:09] done method=risk_aware_v1_bestD trial=60 collision=False min_h=0.0005250013200566173 qpinfeasible=0
[2026-07-02T13:16:09] start_navigation method=risk_aware_v1_bestD trial=61 status=initial_safe start_source=original_start
ball-to-ellipsoid
[2026-07-02T13:16:27] done method=risk_aware_v1_bestD trial=61 collision=False min_h=0.00023322273045778275 qpinfeasible=0
[2026-07-02T13:16:27] start_navigation method=risk_aware_v1_bestD trial=62 status=initial_safe start_source=original_start
ball-to-ellipsoid
[2026-07-02T13:16:44] done method=risk_aware_v1_bestD trial=62 collision=False min_h=0.0005245673237368464 qpinfeasible=0
[2026-07-02T13:16:44] start_navigation method=risk_aware_v1_bestD trial=63 status=initial_safe start_source=original_start
ball-to-ellipsoid
[2026-07-02T13:16:55] done method=risk_aware_v1_bestD trial=63 collision=False min_h=0.0009977378649637103 qpinfeasible=0
[2026-07-02T13:16:55] start_navigation method=risk_aware_v1_bestD trial=64 status=initial_safe start_source=original_start
ball-to-ellipsoid
[2026-07-02T13:16:56] done method=risk_aware_v1_bestD trial=64 collision=False min_h=0.0017816860927268863 qpinfeasible=0
[2026-07-02T13:16:56] start_navigation method=risk_aware_v1_bestD trial=65 status=initial_safe start_source=original_start
ball-to-ellipsoid
[2026-07-02T13:17:04] done method=risk_aware_v1_bestD trial=65 collision=False min_h=0.0007117885397747159 qpinfeasible=0
[2026-07-02T13:17:04] start_navigation method=risk_aware_v1_bestD trial=66 status=initial_near_unsafe start_source=repaired_start
ball-to-ellipsoid
[2026-07-02T13:17:13] done method=risk_aware_v1_bestD trial=66 collision=False min_h=0.0006006635958328843 qpinfeasible=0
[2026-07-02T13:17:13] start_navigation method=risk_aware_v1_bestD trial=67 status=initial_safe start_source=original_start
ball-to-ellipsoid
[2026-07-02T13:17:23] done method=risk_aware_v1_bestD trial=67 collision=False min_h=0.0009063378674909472 qpinfeasible=0
[2026-07-02T13:17:23] start_navigation method=risk_aware_v1_bestD trial=68 status=initial_safe start_source=original_start
ball-to-ellipsoid
[2026-07-02T13:17:32] done method=risk_aware_v1_bestD trial=68 collision=False min_h=0.0007606818107888103 qpinfeasible=0
[2026-07-02T13:17:32] start_navigation method=risk_aware_v1_bestD trial=69 status=initial_safe start_source=original_start
ball-to-ellipsoid
[2026-07-02T13:17:39] done method=risk_aware_v1_bestD trial=69 collision=False min_h=0.0009155835723504424 qpinfeasible=0
[2026-07-02T13:17:39] start_navigation method=risk_aware_v1_bestD trial=70 status=initial_safe start_source=original_start
ball-to-ellipsoid
[2026-07-02T13:17:46] done method=risk_aware_v1_bestD trial=70 collision=False min_h=0.0009182550711557269 qpinfeasible=0
[2026-07-02T13:17:46] start_navigation method=risk_aware_v1_bestD trial=71 status=initial_safe start_source=original_start
ball-to-ellipsoid
[2026-07-02T13:17:56] done method=risk_aware_v1_bestD trial=71 collision=False min_h=0.00027523073367774487 qpinfeasible=0
[2026-07-02T13:17:56] start_navigation method=risk_aware_v1_bestD trial=72 status=initial_safe start_source=original_start
ball-to-ellipsoid
[2026-07-02T13:18:06] done method=risk_aware_v1_bestD trial=72 collision=False min_h=0.0008008956210687757 qpinfeasible=0
[2026-07-02T13:18:06] start_navigation method=risk_aware_v1_bestD trial=73 status=initial_safe start_source=original_start
ball-to-ellipsoid
[2026-07-02T13:18:15] done method=risk_aware_v1_bestD trial=73 collision=False min_h=0.0008940683910623193 qpinfeasible=0
[2026-07-02T13:18:15] start_navigation method=risk_aware_v1_bestD trial=74 status=initial_safe start_source=original_start
ball-to-ellipsoid
[2026-07-02T13:18:25] done method=risk_aware_v1_bestD trial=74 collision=False min_h=0.0008452639449387789 qpinfeasible=0
[2026-07-02T13:18:25] start_navigation method=risk_aware_v1_bestD trial=75 status=initial_safe start_source=original_start
ball-to-ellipsoid
[2026-07-02T13:18:49] done method=risk_aware_v1_bestD trial=75 collision=False min_h=0.0005106080789119005 qpinfeasible=0
[2026-07-02T13:18:49] start_navigation method=risk_aware_v1_bestD trial=76 status=initial_safe start_source=original_start
ball-to-ellipsoid
[2026-07-02T13:19:09] done method=risk_aware_v1_bestD trial=76 collision=False min_h=0.0014143165899440646 qpinfeasible=0
[2026-07-02T13:19:09] start_navigation method=risk_aware_v1_bestD trial=77 status=initial_safe start_source=original_start
ball-to-ellipsoid
[2026-07-02T13:19:28] done method=risk_aware_v1_bestD trial=77 collision=False min_h=0.0028563207015395164 qpinfeasible=0
[2026-07-02T13:19:28] start_navigation method=risk_aware_v1_bestD trial=78 status=initial_safe start_source=original_start
ball-to-ellipsoid
[2026-07-02T13:19:47] done method=risk_aware_v1_bestD trial=78 collision=False min_h=0.0032887905836105347 qpinfeasible=0
[2026-07-02T13:19:47] start_navigation method=risk_aware_v1_bestD trial=79 status=initial_safe start_source=original_start
ball-to-ellipsoid
[2026-07-02T13:20:05] done method=risk_aware_v1_bestD trial=79 collision=False min_h=0.001803377061150968 qpinfeasible=0
[2026-07-02T13:20:05] start_navigation method=risk_aware_v1_bestD trial=80 status=initial_safe start_source=original_start
ball-to-ellipsoid
[2026-07-02T13:20:27] done method=risk_aware_v1_bestD trial=80 collision=False min_h=0.000736863468773663 qpinfeasible=0
[2026-07-02T13:20:27] start_navigation method=risk_aware_v1_bestD trial=81 status=initial_safe start_source=original_start
ball-to-ellipsoid
[2026-07-02T13:20:47] done method=risk_aware_v1_bestD trial=81 collision=False min_h=0.0007629225729033351 qpinfeasible=0
[2026-07-02T13:20:47] start_navigation method=risk_aware_v1_bestD trial=82 status=initial_safe start_source=original_start
ball-to-ellipsoid
[2026-07-02T13:21:08] done method=risk_aware_v1_bestD trial=82 collision=False min_h=0.000862236600369215 qpinfeasible=0
[2026-07-02T13:21:08] start_navigation method=risk_aware_v1_bestD trial=83 status=initial_safe start_source=original_start
ball-to-ellipsoid
[2026-07-02T13:21:13] done method=risk_aware_v1_bestD trial=83 collision=False min_h=0.0006608852418139577 qpinfeasible=0
[2026-07-02T13:21:13] start_navigation method=risk_aware_v1_bestD trial=84 status=initial_safe start_source=original_start
ball-to-ellipsoid
[2026-07-02T13:21:15] done method=risk_aware_v1_bestD trial=84 collision=False min_h=0.0012483479222282767 qpinfeasible=0
[2026-07-02T13:21:15] start_navigation method=risk_aware_v1_bestD trial=85 status=initial_safe start_source=original_start
ball-to-ellipsoid
[2026-07-02T13:21:28] done method=risk_aware_v1_bestD trial=85 collision=False min_h=0.0002039091195911169 qpinfeasible=0
[2026-07-02T13:21:28] start_navigation method=risk_aware_v1_bestD trial=86 status=initial_safe start_source=original_start
ball-to-ellipsoid
[2026-07-02T13:21:40] done method=risk_aware_v1_bestD trial=86 collision=False min_h=0.00038168986793607473 qpinfeasible=0
[2026-07-02T13:21:40] start_navigation method=risk_aware_v1_bestD trial=87 status=initial_safe start_source=original_start
ball-to-ellipsoid
[2026-07-02T13:21:49] done method=risk_aware_v1_bestD trial=87 collision=False min_h=0.0007872317219153047 qpinfeasible=0
[2026-07-02T13:21:49] start_navigation method=risk_aware_v1_bestD trial=88 status=initial_safe start_source=original_start
ball-to-ellipsoid
[2026-07-02T13:21:57] done method=risk_aware_v1_bestD trial=88 collision=False min_h=0.0009849228663370013 qpinfeasible=0
[2026-07-02T13:21:57] start_navigation method=risk_aware_v1_bestD trial=89 status=initial_safe start_source=original_start
ball-to-ellipsoid
[2026-07-02T13:22:05] done method=risk_aware_v1_bestD trial=89 collision=False min_h=0.0010682711144909263 qpinfeasible=0
[2026-07-02T13:22:05] start_navigation method=risk_aware_v1_bestD trial=90 status=initial_safe start_source=original_start
ball-to-ellipsoid
[2026-07-02T13:22:11] done method=risk_aware_v1_bestD trial=90 collision=False min_h=0.001437239465303719 qpinfeasible=0
[2026-07-02T13:22:11] start_navigation method=risk_aware_v1_bestD trial=91 status=initial_safe start_source=original_start
ball-to-ellipsoid
[2026-07-02T13:22:18] done method=risk_aware_v1_bestD trial=91 collision=False min_h=0.0012566427467390895 qpinfeasible=0
[2026-07-02T13:22:18] start_navigation method=risk_aware_v1_bestD trial=92 status=initial_safe start_source=original_start
ball-to-ellipsoid
[2026-07-02T13:22:25] done method=risk_aware_v1_bestD trial=92 collision=False min_h=0.0010126946726813912 qpinfeasible=0
[2026-07-02T13:22:25] start_navigation method=risk_aware_v1_bestD trial=93 status=initial_safe start_source=original_start
ball-to-ellipsoid
[2026-07-02T13:22:34] done method=risk_aware_v1_bestD trial=93 collision=False min_h=0.0003574388101696968 qpinfeasible=0
[2026-07-02T13:22:34] start_navigation method=risk_aware_v1_bestD trial=94 status=initial_safe start_source=original_start
ball-to-ellipsoid
[2026-07-02T13:22:48] done method=risk_aware_v1_bestD trial=94 collision=False min_h=0.00026637676637619734 qpinfeasible=0
[2026-07-02T13:22:48] start_navigation method=risk_aware_v1_bestD trial=95 status=initial_safe start_source=original_start
ball-to-ellipsoid
[2026-07-02T13:22:59] done method=risk_aware_v1_bestD trial=95 collision=False min_h=0.0005427286960184574 qpinfeasible=0
[2026-07-02T13:22:59] start_navigation method=risk_aware_v1_bestD trial=96 status=initial_safe start_source=original_start
ball-to-ellipsoid
[2026-07-02T13:23:05] done method=risk_aware_v1_bestD trial=96 collision=False min_h=0.001290735905058682 qpinfeasible=0
[2026-07-02T13:23:05] start_navigation method=risk_aware_v1_bestD trial=97 status=initial_safe start_source=original_start
ball-to-ellipsoid
[2026-07-02T13:23:12] done method=risk_aware_v1_bestD trial=97 collision=False min_h=0.0010747615015134215 qpinfeasible=0
[2026-07-02T13:23:12] start_navigation method=risk_aware_v1_bestD trial=98 status=initial_safe start_source=original_start
ball-to-ellipsoid
[2026-07-02T13:23:17] done method=risk_aware_v1_bestD trial=98 collision=False min_h=0.0010044738883152604 qpinfeasible=0
[2026-07-02T13:23:17] start_navigation method=risk_aware_v1_bestD trial=99 status=initial_safe start_source=original_start
ball-to-ellipsoid
[2026-07-02T13:23:25] done method=risk_aware_v1_bestD trial=99 collision=False min_h=0.0006012296071276069 qpinfeasible=0
[2026-07-02T13:23:25] summary=[{'scene': 'flight', 'method': 'risk_aware_v1_bestD', 'total_trials': 100, 'initial_safe': 92, 'initial_near_unsafe': 7, 'initial_unsafe': 1, 'repair_needed_count': 8, 'repair_used_count': 8, 'repair_success_count': 8, 'repair_failure_count': 0, 'repair_distance_mean': 0.005625000659245944, 'repair_distance_p95': 0.016499996466496455, 'repair_distance_max': 0.01999999494050517, 'repair_steps_mean': 0.625, 'repair_steps_p95': 1.0, 'repair_steps_max': 1.0, 'navigation_executed_count': 100, 'collision_count': 0, 'collision_free_count': 100, 'min_safety_h_min': 0.00019784551113843918, 'progress_mean': 0.45208792380405577, 'runtime_mean': 0.05755820847275613, 'runtime_p95': 0.06430873767938465, 'qp_infeasible_count': 0, 'original_initial_min_safety_h_min': -0.0003094291314482689}]
