[2026-07-01T17:28:28] script=/disk1/zlab/projects/safer-splat/work/risk_aware_cbf/scripts/run_startguard_flight100.py
[2026-07-01T17:28:28] scene=flight trials=0-99 method=risk_aware_v1_bestD dry_run=False
Loading latest checkpoint from load_dir
✅ Done loading checkpoint from outputs/flight/splatfacto/2024-09-12_172434/nerfstudio_models/step-000029999.ckpt
There are 281756 Gaussians in the GSplat model
[2026-07-01T17:28:34] loaded_risk_score_table=work/risk_aware_cbf/results/flight_risk_score_table_v0.csv
[2026-07-01T17:28:34] start_navigation method=risk_aware_v1_bestD trial=0 status=initial_safe start_source=original_start
ball-to-ellipsoid
[2026-07-01T17:28:41] done method=risk_aware_v1_bestD trial=0 collision=False min_h=0.0006012296071276069 qpinfeasible=0
[2026-07-01T17:28:41] start_navigation method=risk_aware_v1_bestD trial=1 status=initial_safe start_source=original_start
ball-to-ellipsoid
[2026-07-01T17:28:47] done method=risk_aware_v1_bestD trial=1 collision=False min_h=0.0011820945655927062 qpinfeasible=0
[2026-07-01T17:28:47] start_navigation method=risk_aware_v1_bestD trial=2 status=initial_safe start_source=original_start
ball-to-ellipsoid
[2026-07-01T17:28:55] done method=risk_aware_v1_bestD trial=2 collision=False min_h=0.0007648356258869171 qpinfeasible=0
[2026-07-01T17:28:55] start_navigation method=risk_aware_v1_bestD trial=3 status=initial_safe start_source=original_start
ball-to-ellipsoid
[2026-07-01T17:29:01] done method=risk_aware_v1_bestD trial=3 collision=False min_h=0.001370814978145063 qpinfeasible=0
[2026-07-01T17:29:01] start_navigation method=risk_aware_v1_bestD trial=4 status=initial_safe start_source=original_start
ball-to-ellipsoid
[2026-07-01T17:29:08] done method=risk_aware_v1_bestD trial=4 collision=False min_h=0.001370068290270865 qpinfeasible=0
[2026-07-01T17:29:08] start_navigation method=risk_aware_v1_bestD trial=5 status=initial_safe start_source=original_start
ball-to-ellipsoid
[2026-07-01T17:29:15] done method=risk_aware_v1_bestD trial=5 collision=False min_h=0.0011001616949215531 qpinfeasible=0
[2026-07-01T17:29:15] start_navigation method=risk_aware_v1_bestD trial=6 status=initial_safe start_source=original_start
ball-to-ellipsoid
[2026-07-01T17:29:23] done method=risk_aware_v1_bestD trial=6 collision=False min_h=0.000796144362539053 qpinfeasible=0
[2026-07-01T17:29:24] start_navigation method=risk_aware_v1_bestD trial=7 status=initial_safe start_source=original_start
ball-to-ellipsoid
[2026-07-01T17:29:33] done method=risk_aware_v1_bestD trial=7 collision=False min_h=0.0005112274084240198 qpinfeasible=0
[2026-07-01T17:29:33] start_navigation method=risk_aware_v1_bestD trial=8 status=initial_safe start_source=original_start
ball-to-ellipsoid
[2026-07-01T17:29:42] done method=risk_aware_v1_bestD trial=8 collision=False min_h=0.0009239324135705829 qpinfeasible=0
[2026-07-01T17:29:42] start_navigation method=risk_aware_v1_bestD trial=9 status=initial_safe start_source=original_start
ball-to-ellipsoid
[2026-07-01T17:29:52] done method=risk_aware_v1_bestD trial=9 collision=False min_h=0.0005074010696262121 qpinfeasible=0
[2026-07-01T17:29:52] start_navigation method=risk_aware_v1_bestD trial=10 status=initial_safe start_source=original_start
ball-to-ellipsoid
[2026-07-01T17:29:59] done method=risk_aware_v1_bestD trial=10 collision=False min_h=0.0007119106594473124 qpinfeasible=0
[2026-07-01T17:29:59] start_navigation method=risk_aware_v1_bestD trial=11 status=initial_safe start_source=original_start
ball-to-ellipsoid
[2026-07-01T17:30:05] done method=risk_aware_v1_bestD trial=11 collision=False min_h=0.0006695542251691222 qpinfeasible=0
[2026-07-01T17:30:06] start_navigation method=risk_aware_v1_bestD trial=12 status=initial_safe start_source=original_start
ball-to-ellipsoid
[2026-07-01T17:30:19] done method=risk_aware_v1_bestD trial=12 collision=False min_h=0.0003416206454858184 qpinfeasible=0
[2026-07-01T17:30:19] start_navigation method=risk_aware_v1_bestD trial=13 status=initial_safe start_source=original_start
ball-to-ellipsoid
[2026-07-01T17:30:33] done method=risk_aware_v1_bestD trial=13 collision=False min_h=0.00032773660495877266 qpinfeasible=0
[2026-07-01T17:30:33] start_navigation method=risk_aware_v1_bestD trial=14 status=initial_safe start_source=original_start
ball-to-ellipsoid
[2026-07-01T17:30:39] done method=risk_aware_v1_bestD trial=14 collision=False min_h=0.00034176663029938936 qpinfeasible=0
[2026-07-01T17:30:39] start_navigation method=risk_aware_v1_bestD trial=15 status=initial_safe start_source=original_start
ball-to-ellipsoid
[2026-07-01T17:30:41] done method=risk_aware_v1_bestD trial=15 collision=False min_h=0.0012230382999405265 qpinfeasible=0
[2026-07-01T17:30:41] start_navigation method=risk_aware_v1_bestD trial=16 status=initial_safe start_source=original_start
ball-to-ellipsoid
[2026-07-01T17:30:44] done method=risk_aware_v1_bestD trial=16 collision=False min_h=0.0009070576634258032 qpinfeasible=0
[2026-07-01T17:30:44] start_navigation method=risk_aware_v1_bestD trial=17 status=initial_safe start_source=original_start
ball-to-ellipsoid
[2026-07-01T17:30:47] done method=risk_aware_v1_bestD trial=17 collision=False min_h=0.0006833110237494111 qpinfeasible=0
[2026-07-01T17:30:47] start_navigation method=risk_aware_v1_bestD trial=18 status=initial_safe start_source=original_start
ball-to-ellipsoid
[2026-07-01T17:30:49] done method=risk_aware_v1_bestD trial=18 collision=False min_h=0.0009251312585547566 qpinfeasible=0
[2026-07-01T17:30:49] start_navigation method=risk_aware_v1_bestD trial=19 status=initial_safe start_source=original_start
ball-to-ellipsoid
[2026-07-01T17:30:50] done method=risk_aware_v1_bestD trial=19 collision=False min_h=0.0008767816470935941 qpinfeasible=0
[2026-07-01T17:30:50] start_navigation method=risk_aware_v1_bestD trial=20 status=initial_near_unsafe start_source=repaired_start
ball-to-ellipsoid
[2026-07-01T17:31:05] done method=risk_aware_v1_bestD trial=20 collision=False min_h=0.00040498317684978247 qpinfeasible=0
[2026-07-01T17:31:05] start_navigation method=risk_aware_v1_bestD trial=21 status=initial_near_unsafe start_source=repaired_start
ball-to-ellipsoid
[2026-07-01T17:31:17] done method=risk_aware_v1_bestD trial=21 collision=False min_h=0.0006456789560616016 qpinfeasible=0
[2026-07-01T17:31:17] start_navigation method=risk_aware_v1_bestD trial=22 status=initial_near_unsafe start_source=repaired_start
ball-to-ellipsoid
[2026-07-01T17:31:28] done method=risk_aware_v1_bestD trial=22 collision=False min_h=0.0009356263326480985 qpinfeasible=0
[2026-07-01T17:31:28] start_navigation method=risk_aware_v1_bestD trial=23 status=initial_safe start_source=original_start
ball-to-ellipsoid
[2026-07-01T17:31:42] done method=risk_aware_v1_bestD trial=23 collision=False min_h=0.0008423099061474204 qpinfeasible=0
[2026-07-01T17:31:42] start_navigation method=risk_aware_v1_bestD trial=24 status=initial_safe start_source=original_start
ball-to-ellipsoid
[2026-07-01T17:32:06] done method=risk_aware_v1_bestD trial=24 collision=False min_h=0.0006150871049612761 qpinfeasible=0
[2026-07-01T17:32:06] start_navigation method=risk_aware_v1_bestD trial=25 status=initial_safe start_source=original_start
ball-to-ellipsoid
[2026-07-01T17:32:11] done method=risk_aware_v1_bestD trial=25 collision=False min_h=0.0009727670112624764 qpinfeasible=0
[2026-07-01T17:32:11] start_navigation method=risk_aware_v1_bestD trial=26 status=initial_safe start_source=original_start
ball-to-ellipsoid
[2026-07-01T17:32:17] done method=risk_aware_v1_bestD trial=26 collision=False min_h=0.0005586270708590746 qpinfeasible=0
[2026-07-01T17:32:17] start_navigation method=risk_aware_v1_bestD trial=27 status=initial_safe start_source=original_start
ball-to-ellipsoid
[2026-07-01T17:32:25] done method=risk_aware_v1_bestD trial=27 collision=False min_h=0.0004874765872955322 qpinfeasible=0
[2026-07-01T17:32:25] start_navigation method=risk_aware_v1_bestD trial=28 status=initial_safe start_source=original_start
ball-to-ellipsoid
[2026-07-01T17:32:31] done method=risk_aware_v1_bestD trial=28 collision=False min_h=0.0007253919029608369 qpinfeasible=0
[2026-07-01T17:32:31] start_navigation method=risk_aware_v1_bestD trial=29 status=initial_safe start_source=original_start
ball-to-ellipsoid
[2026-07-01T17:32:36] done method=risk_aware_v1_bestD trial=29 collision=False min_h=0.0013604991836473346 qpinfeasible=0
[2026-07-01T17:32:36] start_navigation method=risk_aware_v1_bestD trial=30 status=initial_safe start_source=original_start
ball-to-ellipsoid
[2026-07-01T17:32:41] done method=risk_aware_v1_bestD trial=30 collision=False min_h=0.001511789276264608 qpinfeasible=0
[2026-07-01T17:32:41] start_navigation method=risk_aware_v1_bestD trial=31 status=initial_safe start_source=original_start
ball-to-ellipsoid
[2026-07-01T17:32:57] done method=risk_aware_v1_bestD trial=31 collision=False min_h=0.00019784551113843918 qpinfeasible=0
[2026-07-01T17:32:57] start_navigation method=risk_aware_v1_bestD trial=32 status=initial_safe start_source=original_start
ball-to-ellipsoid
[2026-07-01T17:33:10] done method=risk_aware_v1_bestD trial=32 collision=False min_h=0.00044697721023112535 qpinfeasible=0
[2026-07-01T17:33:10] start_navigation method=risk_aware_v1_bestD trial=33 status=initial_safe start_source=original_start
ball-to-ellipsoid
[2026-07-01T17:33:17] done method=risk_aware_v1_bestD trial=33 collision=False min_h=0.0008495085639879107 qpinfeasible=0
[2026-07-01T17:33:17] start_navigation method=risk_aware_v1_bestD trial=34 status=initial_safe start_source=original_start
ball-to-ellipsoid
[2026-07-01T17:33:43] done method=risk_aware_v1_bestD trial=34 collision=False min_h=0.0004867707611992955 qpinfeasible=0
[2026-07-01T17:33:43] start_navigation method=risk_aware_v1_bestD trial=35 status=initial_safe start_source=original_start
ball-to-ellipsoid
[2026-07-01T17:34:10] done method=risk_aware_v1_bestD trial=35 collision=False min_h=0.0004954762989655137 qpinfeasible=0
[2026-07-01T17:34:10] start_navigation method=risk_aware_v1_bestD trial=36 status=initial_safe start_source=original_start
ball-to-ellipsoid
[2026-07-01T17:34:34] done method=risk_aware_v1_bestD trial=36 collision=False min_h=0.0004695733077824116 qpinfeasible=0
[2026-07-01T17:34:34] start_navigation method=risk_aware_v1_bestD trial=37 status=initial_safe start_source=original_start
ball-to-ellipsoid
[2026-07-01T17:34:57] done method=risk_aware_v1_bestD trial=37 collision=False min_h=0.0002964030718430877 qpinfeasible=0
[2026-07-01T17:34:57] start_navigation method=risk_aware_v1_bestD trial=38 status=initial_safe start_source=original_start
ball-to-ellipsoid
[2026-07-01T17:35:13] done method=risk_aware_v1_bestD trial=38 collision=False min_h=0.0002993772504851222 qpinfeasible=0
[2026-07-01T17:35:13] start_navigation method=risk_aware_v1_bestD trial=39 status=initial_safe start_source=original_start
ball-to-ellipsoid
[2026-07-01T17:35:27] done method=risk_aware_v1_bestD trial=39 collision=False min_h=0.0005624040495604277 qpinfeasible=0
[2026-07-01T17:35:27] start_navigation method=risk_aware_v1_bestD trial=40 status=initial_safe start_source=original_start
ball-to-ellipsoid
[2026-07-01T17:35:40] done method=risk_aware_v1_bestD trial=40 collision=False min_h=0.0008168856147676706 qpinfeasible=0
[2026-07-01T17:35:40] start_navigation method=risk_aware_v1_bestD trial=41 status=initial_safe start_source=original_start
ball-to-ellipsoid
[2026-07-01T17:35:53] done method=risk_aware_v1_bestD trial=41 collision=False min_h=0.0006207633996382356 qpinfeasible=0
[2026-07-01T17:35:53] start_navigation method=risk_aware_v1_bestD trial=42 status=initial_safe start_source=original_start
ball-to-ellipsoid
[2026-07-01T17:36:06] done method=risk_aware_v1_bestD trial=42 collision=False min_h=0.0008080123225226998 qpinfeasible=0
[2026-07-01T17:36:06] start_navigation method=risk_aware_v1_bestD trial=43 status=initial_safe start_source=original_start
ball-to-ellipsoid
[2026-07-01T17:36:19] done method=risk_aware_v1_bestD trial=43 collision=False min_h=0.0010138406651094556 qpinfeasible=0
[2026-07-01T17:36:19] start_navigation method=risk_aware_v1_bestD trial=44 status=initial_safe start_source=original_start
ball-to-ellipsoid
[2026-07-01T17:36:33] done method=risk_aware_v1_bestD trial=44 collision=False min_h=0.0010103540262207389 qpinfeasible=0
[2026-07-01T17:36:33] start_navigation method=risk_aware_v1_bestD trial=45 status=initial_safe start_source=original_start
ball-to-ellipsoid
[2026-07-01T17:36:44] done method=risk_aware_v1_bestD trial=45 collision=False min_h=0.0009118643356487155 qpinfeasible=0
[2026-07-01T17:36:44] start_navigation method=risk_aware_v1_bestD trial=46 status=initial_near_unsafe start_source=repaired_start
ball-to-ellipsoid
[2026-07-01T17:36:54] done method=risk_aware_v1_bestD trial=46 collision=False min_h=0.0008885323768481612 qpinfeasible=0
[2026-07-01T17:36:54] start_navigation method=risk_aware_v1_bestD trial=47 status=initial_safe start_source=original_start
ball-to-ellipsoid
[2026-07-01T17:37:04] done method=risk_aware_v1_bestD trial=47 collision=False min_h=0.001019362243823707 qpinfeasible=0
[2026-07-01T17:37:04] start_navigation method=risk_aware_v1_bestD trial=48 status=initial_safe start_source=original_start
ball-to-ellipsoid
[2026-07-01T17:37:15] done method=risk_aware_v1_bestD trial=48 collision=False min_h=0.001169688650406897 qpinfeasible=0
[2026-07-01T17:37:15] start_navigation method=risk_aware_v1_bestD trial=49 status=initial_safe start_source=original_start
ball-to-ellipsoid
[2026-07-01T17:37:25] done method=risk_aware_v1_bestD trial=49 collision=False min_h=0.0015359030803665519 qpinfeasible=0
[2026-07-01T17:37:25] start_navigation method=risk_aware_v1_bestD trial=50 status=initial_safe start_source=original_start
ball-to-ellipsoid
[2026-07-01T17:37:34] done method=risk_aware_v1_bestD trial=50 collision=False min_h=0.001505812513642013 qpinfeasible=0
[2026-07-01T17:37:34] start_navigation method=risk_aware_v1_bestD trial=51 status=initial_safe start_source=original_start
ball-to-ellipsoid
[2026-07-01T17:37:43] done method=risk_aware_v1_bestD trial=51 collision=False min_h=0.0016890052938833833 qpinfeasible=0
[2026-07-01T17:37:43] start_navigation method=risk_aware_v1_bestD trial=52 status=initial_safe start_source=original_start
ball-to-ellipsoid
[2026-07-01T17:37:51] done method=risk_aware_v1_bestD trial=52 collision=False min_h=0.0014984234003350139 qpinfeasible=0
[2026-07-01T17:37:51] start_navigation method=risk_aware_v1_bestD trial=53 status=initial_safe start_source=original_start
ball-to-ellipsoid
[2026-07-01T17:38:00] done method=risk_aware_v1_bestD trial=53 collision=False min_h=0.0010384306078776717 qpinfeasible=0
[2026-07-01T17:38:00] start_navigation method=risk_aware_v1_bestD trial=54 status=initial_safe start_source=original_start
ball-to-ellipsoid
[2026-07-01T17:38:09] done method=risk_aware_v1_bestD trial=54 collision=False min_h=0.0014744241489097476 qpinfeasible=0
[2026-07-01T17:38:09] start_navigation method=risk_aware_v1_bestD trial=55 status=initial_safe start_source=original_start
ball-to-ellipsoid
[2026-07-01T17:38:30] done method=risk_aware_v1_bestD trial=55 collision=False min_h=0.0005025600548833609 qpinfeasible=0
[2026-07-01T17:38:30] start_navigation method=risk_aware_v1_bestD trial=56 status=initial_near_unsafe start_source=repaired_start
ball-to-ellipsoid
[2026-07-01T17:38:40] done method=risk_aware_v1_bestD trial=56 collision=False min_h=0.0006113918498158455 qpinfeasible=0
[2026-07-01T17:38:40] start_navigation method=risk_aware_v1_bestD trial=57 status=initial_unsafe start_source=repaired_start
ball-to-ellipsoid
[2026-07-01T17:38:50] done method=risk_aware_v1_bestD trial=57 collision=False min_h=0.000642147846519947 qpinfeasible=0
[2026-07-01T17:38:50] start_navigation method=risk_aware_v1_bestD trial=58 status=initial_near_unsafe start_source=repaired_start
ball-to-ellipsoid
[2026-07-01T17:39:01] done method=risk_aware_v1_bestD trial=58 collision=False min_h=0.0004131478490307927 qpinfeasible=0
[2026-07-01T17:39:01] start_navigation method=risk_aware_v1_bestD trial=59 status=initial_safe start_source=original_start
ball-to-ellipsoid
[2026-07-01T17:39:16] done method=risk_aware_v1_bestD trial=59 collision=False min_h=0.00039928662590682507 qpinfeasible=0
[2026-07-01T17:39:16] start_navigation method=risk_aware_v1_bestD trial=60 status=initial_safe start_source=original_start
ball-to-ellipsoid
[2026-07-01T17:39:32] done method=risk_aware_v1_bestD trial=60 collision=False min_h=0.0005250013200566173 qpinfeasible=0
[2026-07-01T17:39:32] start_navigation method=risk_aware_v1_bestD trial=61 status=initial_safe start_source=original_start
ball-to-ellipsoid
[2026-07-01T17:39:49] done method=risk_aware_v1_bestD trial=61 collision=False min_h=0.00023322273045778275 qpinfeasible=0
[2026-07-01T17:39:49] start_navigation method=risk_aware_v1_bestD trial=62 status=initial_safe start_source=original_start
ball-to-ellipsoid
[2026-07-01T17:40:06] done method=risk_aware_v1_bestD trial=62 collision=False min_h=0.0005245673237368464 qpinfeasible=0
[2026-07-01T17:40:06] start_navigation method=risk_aware_v1_bestD trial=63 status=initial_safe start_source=original_start
ball-to-ellipsoid
[2026-07-01T17:40:16] done method=risk_aware_v1_bestD trial=63 collision=False min_h=0.0009977378649637103 qpinfeasible=0
[2026-07-01T17:40:16] start_navigation method=risk_aware_v1_bestD trial=64 status=initial_safe start_source=original_start
ball-to-ellipsoid
[2026-07-01T17:40:17] done method=risk_aware_v1_bestD trial=64 collision=False min_h=0.0017816860927268863 qpinfeasible=0
[2026-07-01T17:40:17] start_navigation method=risk_aware_v1_bestD trial=65 status=initial_safe start_source=original_start
ball-to-ellipsoid
[2026-07-01T17:40:25] done method=risk_aware_v1_bestD trial=65 collision=False min_h=0.0007117885397747159 qpinfeasible=0
[2026-07-01T17:40:25] start_navigation method=risk_aware_v1_bestD trial=66 status=initial_near_unsafe start_source=repaired_start
ball-to-ellipsoid
[2026-07-01T17:40:34] done method=risk_aware_v1_bestD trial=66 collision=False min_h=0.0006006635958328843 qpinfeasible=0
[2026-07-01T17:40:34] start_navigation method=risk_aware_v1_bestD trial=67 status=initial_safe start_source=original_start
ball-to-ellipsoid
[2026-07-01T17:40:43] done method=risk_aware_v1_bestD trial=67 collision=False min_h=0.0009063378674909472 qpinfeasible=0
[2026-07-01T17:40:43] start_navigation method=risk_aware_v1_bestD trial=68 status=initial_safe start_source=original_start
ball-to-ellipsoid
[2026-07-01T17:40:51] done method=risk_aware_v1_bestD trial=68 collision=False min_h=0.0007606818107888103 qpinfeasible=0
[2026-07-01T17:40:51] start_navigation method=risk_aware_v1_bestD trial=69 status=initial_safe start_source=original_start
ball-to-ellipsoid
[2026-07-01T17:40:59] done method=risk_aware_v1_bestD trial=69 collision=False min_h=0.0009155835723504424 qpinfeasible=0
[2026-07-01T17:40:59] start_navigation method=risk_aware_v1_bestD trial=70 status=initial_safe start_source=original_start
ball-to-ellipsoid
[2026-07-01T17:41:05] done method=risk_aware_v1_bestD trial=70 collision=False min_h=0.0009182550711557269 qpinfeasible=0
[2026-07-01T17:41:05] start_navigation method=risk_aware_v1_bestD trial=71 status=initial_safe start_source=original_start
ball-to-ellipsoid
[2026-07-01T17:41:15] done method=risk_aware_v1_bestD trial=71 collision=False min_h=0.00027523073367774487 qpinfeasible=0
[2026-07-01T17:41:15] start_navigation method=risk_aware_v1_bestD trial=72 status=initial_safe start_source=original_start
ball-to-ellipsoid
[2026-07-01T17:41:24] done method=risk_aware_v1_bestD trial=72 collision=False min_h=0.0008008956210687757 qpinfeasible=0
[2026-07-01T17:41:24] start_navigation method=risk_aware_v1_bestD trial=73 status=initial_safe start_source=original_start
ball-to-ellipsoid
[2026-07-01T17:41:33] done method=risk_aware_v1_bestD trial=73 collision=False min_h=0.0008940683910623193 qpinfeasible=0
[2026-07-01T17:41:33] start_navigation method=risk_aware_v1_bestD trial=74 status=initial_safe start_source=original_start
ball-to-ellipsoid
[2026-07-01T17:41:43] done method=risk_aware_v1_bestD trial=74 collision=False min_h=0.0008452639449387789 qpinfeasible=0
[2026-07-01T17:41:43] start_navigation method=risk_aware_v1_bestD trial=75 status=initial_safe start_source=original_start
ball-to-ellipsoid
[2026-07-01T17:42:07] done method=risk_aware_v1_bestD trial=75 collision=False min_h=0.0005106080789119005 qpinfeasible=0
[2026-07-01T17:42:07] start_navigation method=risk_aware_v1_bestD trial=76 status=initial_safe start_source=original_start
ball-to-ellipsoid
[2026-07-01T17:42:27] done method=risk_aware_v1_bestD trial=76 collision=False min_h=0.0014143165899440646 qpinfeasible=0
[2026-07-01T17:42:27] start_navigation method=risk_aware_v1_bestD trial=77 status=initial_safe start_source=original_start
ball-to-ellipsoid
[2026-07-01T17:42:46] done method=risk_aware_v1_bestD trial=77 collision=False min_h=0.0028563207015395164 qpinfeasible=0
[2026-07-01T17:42:46] start_navigation method=risk_aware_v1_bestD trial=78 status=initial_safe start_source=original_start
ball-to-ellipsoid
[2026-07-01T17:43:04] done method=risk_aware_v1_bestD trial=78 collision=False min_h=0.0032887905836105347 qpinfeasible=0
[2026-07-01T17:43:04] start_navigation method=risk_aware_v1_bestD trial=79 status=initial_safe start_source=original_start
ball-to-ellipsoid
[2026-07-01T17:43:22] done method=risk_aware_v1_bestD trial=79 collision=False min_h=0.001803377061150968 qpinfeasible=0
[2026-07-01T17:43:22] start_navigation method=risk_aware_v1_bestD trial=80 status=initial_safe start_source=original_start
ball-to-ellipsoid
[2026-07-01T17:43:44] done method=risk_aware_v1_bestD trial=80 collision=False min_h=0.000736863468773663 qpinfeasible=0
[2026-07-01T17:43:44] start_navigation method=risk_aware_v1_bestD trial=81 status=initial_safe start_source=original_start
ball-to-ellipsoid
[2026-07-01T17:44:04] done method=risk_aware_v1_bestD trial=81 collision=False min_h=0.0007629225729033351 qpinfeasible=0
[2026-07-01T17:44:04] start_navigation method=risk_aware_v1_bestD trial=82 status=initial_safe start_source=original_start
ball-to-ellipsoid
[2026-07-01T17:44:25] done method=risk_aware_v1_bestD trial=82 collision=False min_h=0.000862236600369215 qpinfeasible=0
[2026-07-01T17:44:25] start_navigation method=risk_aware_v1_bestD trial=83 status=initial_safe start_source=original_start
ball-to-ellipsoid
[2026-07-01T17:44:29] done method=risk_aware_v1_bestD trial=83 collision=False min_h=0.0006608852418139577 qpinfeasible=0
[2026-07-01T17:44:29] start_navigation method=risk_aware_v1_bestD trial=84 status=initial_safe start_source=original_start
ball-to-ellipsoid
[2026-07-01T17:44:32] done method=risk_aware_v1_bestD trial=84 collision=False min_h=0.0012483479222282767 qpinfeasible=0
[2026-07-01T17:44:32] start_navigation method=risk_aware_v1_bestD trial=85 status=initial_safe start_source=original_start
ball-to-ellipsoid
[2026-07-01T17:44:45] done method=risk_aware_v1_bestD trial=85 collision=False min_h=0.0002039091195911169 qpinfeasible=0
[2026-07-01T17:44:45] start_navigation method=risk_aware_v1_bestD trial=86 status=initial_safe start_source=original_start
ball-to-ellipsoid
[2026-07-01T17:44:57] done method=risk_aware_v1_bestD trial=86 collision=False min_h=0.00038168986793607473 qpinfeasible=0
[2026-07-01T17:44:57] start_navigation method=risk_aware_v1_bestD trial=87 status=initial_safe start_source=original_start
ball-to-ellipsoid
[2026-07-01T17:45:06] done method=risk_aware_v1_bestD trial=87 collision=False min_h=0.0007872317219153047 qpinfeasible=0
[2026-07-01T17:45:06] start_navigation method=risk_aware_v1_bestD trial=88 status=initial_safe start_source=original_start
ball-to-ellipsoid
[2026-07-01T17:45:14] done method=risk_aware_v1_bestD trial=88 collision=False min_h=0.0009849228663370013 qpinfeasible=0
[2026-07-01T17:45:14] start_navigation method=risk_aware_v1_bestD trial=89 status=initial_safe start_source=original_start
ball-to-ellipsoid
[2026-07-01T17:45:21] done method=risk_aware_v1_bestD trial=89 collision=False min_h=0.0010682711144909263 qpinfeasible=0
[2026-07-01T17:45:21] start_navigation method=risk_aware_v1_bestD trial=90 status=initial_safe start_source=original_start
ball-to-ellipsoid
[2026-07-01T17:45:28] done method=risk_aware_v1_bestD trial=90 collision=False min_h=0.001437239465303719 qpinfeasible=0
[2026-07-01T17:45:28] start_navigation method=risk_aware_v1_bestD trial=91 status=initial_safe start_source=original_start
ball-to-ellipsoid
[2026-07-01T17:45:34] done method=risk_aware_v1_bestD trial=91 collision=False min_h=0.0012566427467390895 qpinfeasible=0
[2026-07-01T17:45:34] start_navigation method=risk_aware_v1_bestD trial=92 status=initial_safe start_source=original_start
ball-to-ellipsoid
[2026-07-01T17:45:41] done method=risk_aware_v1_bestD trial=92 collision=False min_h=0.0010126946726813912 qpinfeasible=0
[2026-07-01T17:45:41] start_navigation method=risk_aware_v1_bestD trial=93 status=initial_safe start_source=original_start
ball-to-ellipsoid
[2026-07-01T17:45:50] done method=risk_aware_v1_bestD trial=93 collision=False min_h=0.0003574388101696968 qpinfeasible=0
[2026-07-01T17:45:50] start_navigation method=risk_aware_v1_bestD trial=94 status=initial_safe start_source=original_start
ball-to-ellipsoid
[2026-07-01T17:46:03] done method=risk_aware_v1_bestD trial=94 collision=False min_h=0.00026637676637619734 qpinfeasible=0
[2026-07-01T17:46:03] start_navigation method=risk_aware_v1_bestD trial=95 status=initial_safe start_source=original_start
ball-to-ellipsoid
[2026-07-01T17:46:14] done method=risk_aware_v1_bestD trial=95 collision=False min_h=0.0005427286960184574 qpinfeasible=0
[2026-07-01T17:46:14] start_navigation method=risk_aware_v1_bestD trial=96 status=initial_safe start_source=original_start
ball-to-ellipsoid
[2026-07-01T17:46:21] done method=risk_aware_v1_bestD trial=96 collision=False min_h=0.001290735905058682 qpinfeasible=0
[2026-07-01T17:46:21] start_navigation method=risk_aware_v1_bestD trial=97 status=initial_safe start_source=original_start
ball-to-ellipsoid
[2026-07-01T17:46:27] done method=risk_aware_v1_bestD trial=97 collision=False min_h=0.0010747615015134215 qpinfeasible=0
[2026-07-01T17:46:27] start_navigation method=risk_aware_v1_bestD trial=98 status=initial_safe start_source=original_start
ball-to-ellipsoid
[2026-07-01T17:46:32] done method=risk_aware_v1_bestD trial=98 collision=False min_h=0.0010044738883152604 qpinfeasible=0
[2026-07-01T17:46:32] start_navigation method=risk_aware_v1_bestD trial=99 status=initial_safe start_source=original_start
ball-to-ellipsoid
[2026-07-01T17:46:40] done method=risk_aware_v1_bestD trial=99 collision=False min_h=0.0006012296071276069 qpinfeasible=0
[2026-07-01T17:46:40] summary=[{'scene': 'flight', 'method': 'risk_aware_v1_bestD', 'total_trials': 100, 'initial_safe': 92, 'initial_near_unsafe': 7, 'initial_unsafe': 1, 'repair_needed_count': 8, 'repair_used_count': 8, 'repair_success_count': 8, 'repair_failure_count': 0, 'repair_distance_mean': 0.004999758638790424, 'repair_distance_p95': 0.013249031838096802, 'repair_distance_max': 0.014999072286579145, 'repair_steps_mean': 1.0, 'repair_steps_p95': 2.6499999999999995, 'repair_steps_max': 3.0, 'navigation_executed_count': 100, 'collision_count': 0, 'collision_free_count': 100, 'min_safety_h_min': 0.00019784551113843918, 'progress_mean': 0.45205064332574657, 'runtime_mean': 0.05795951384430193, 'runtime_p95': 0.06526291041448712, 'qp_infeasible_count': 0, 'original_initial_min_safety_h_min': -0.0003094291314482689}]
STARTGUARD_V1_EXIT:0
