[2026-07-02T16:40:25] script=/disk1/zlab/projects/safer-splat/work/risk_aware_cbf/scripts/run_v4c_hstep_predictive_recovery.py
[2026-07-02T16:40:25] scene=flight method=risk_aware_v1_bestD output_dir=work/risk_aware_cbf/results/v4c_hstep3_flight100_v1_bestD
[2026-07-02T16:40:25] horizon=3 num_sequences=128 activation_mode=on_margin_violation
[2026-07-02T16:40:25] trials=[0, 1, 2, 3, 4, 5, 6, 7, 8, 9, 10, 11, 12, 13, 14, 15, 16, 17, 18, 19, 20, 21, 22, 23, 24, 25, 26, 27, 28, 29, 30, 31, 32, 33, 34, 35, 36, 37, 38, 39, 40, 41, 42, 43, 44, 45, 46, 47, 48, 49, 50, 51, 52, 53, 54, 55, 56, 57, 58, 59, 60, 61, 62, 63, 64, 65, 66, 67, 68, 69, 70, 71, 72, 73, 74, 75, 76, 77, 78, 79, 80, 81, 82, 83, 84, 85, 86, 87, 88, 89, 90, 91, 92, 93, 94, 95, 96, 97, 98, 99]
[2026-07-02T16:40:31] loaded_risk_score_table=work/risk_aware_cbf/results/flight_risk_score_table_v0.csv
[2026-07-02T16:40:31] start trial=0
[2026-07-02T16:40:44] done trial=0 collision=False base_h=0 exec_h=0 recovery=0 failed=0
[2026-07-02T16:40:44] start trial=1
[2026-07-02T16:40:56] done trial=1 collision=False base_h=0 exec_h=0 recovery=0 failed=0
[2026-07-02T16:40:56] start trial=2
[2026-07-02T16:41:09] done trial=2 collision=False base_h=0 exec_h=0 recovery=0 failed=0
[2026-07-02T16:41:09] start trial=3
[2026-07-02T16:41:22] done trial=3 collision=False base_h=0 exec_h=0 recovery=0 failed=0
[2026-07-02T16:41:22] start trial=4
[2026-07-02T16:41:34] done trial=4 collision=False base_h=0 exec_h=0 recovery=0 failed=0
[2026-07-02T16:41:34] start trial=5
[2026-07-02T16:41:47] done trial=5 collision=False base_h=0 exec_h=0 recovery=0 failed=0
[2026-07-02T16:41:47] start trial=6
[2026-07-02T16:42:03] done trial=6 collision=False base_h=0 exec_h=0 recovery=0 failed=0
[2026-07-02T16:42:03] start trial=7
[2026-07-02T16:42:21] done trial=7 collision=False base_h=0 exec_h=0 recovery=0 failed=0
[2026-07-02T16:42:21] start trial=8
[2026-07-02T16:42:38] done trial=8 collision=False base_h=0 exec_h=0 recovery=0 failed=0
[2026-07-02T16:42:38] start trial=9
[2026-07-02T16:42:55] done trial=9 collision=False base_h=0 exec_h=0 recovery=0 failed=0
[2026-07-02T16:42:55] start trial=10
[2026-07-02T16:43:07] done trial=10 collision=False base_h=0 exec_h=0 recovery=0 failed=0
[2026-07-02T16:43:07] start trial=11
[2026-07-02T16:43:20] done trial=11 collision=False base_h=0 exec_h=0 recovery=0 failed=0
[2026-07-02T16:43:20] start trial=12
[2026-07-02T16:46:52] done trial=12 collision=False base_h=24 exec_h=0 recovery=24 failed=0
[2026-07-02T16:46:52] start trial=13
[2026-07-02T16:50:57] done trial=13 collision=False base_h=28 exec_h=0 recovery=28 failed=0
[2026-07-02T16:50:57] start trial=14
[2026-07-02T16:52:10] done trial=14 collision=False base_h=8 exec_h=0 recovery=8 failed=0
[2026-07-02T16:52:10] start trial=15
[2026-07-02T16:52:13] done trial=15 collision=False base_h=0 exec_h=0 recovery=0 failed=0
[2026-07-02T16:52:13] start trial=16
[2026-07-02T16:52:19] done trial=16 collision=False base_h=0 exec_h=0 recovery=0 failed=0
[2026-07-02T16:52:19] start trial=17
[2026-07-02T16:52:23] done trial=17 collision=False base_h=0 exec_h=0 recovery=0 failed=0
[2026-07-02T16:52:23] start trial=18
[2026-07-02T16:52:26] done trial=18 collision=False base_h=0 exec_h=0 recovery=0 failed=0
[2026-07-02T16:52:26] start trial=19
[2026-07-02T16:52:27] done trial=19 collision=False base_h=0 exec_h=0 recovery=0 failed=0
[2026-07-02T16:52:27] start trial=20
[2026-07-02T16:54:08] done trial=20 collision=False base_h=9 exec_h=0 recovery=9 failed=0
[2026-07-02T16:54:08] start trial=21
[2026-07-02T16:54:31] done trial=21 collision=False base_h=0 exec_h=0 recovery=0 failed=0
[2026-07-02T16:54:31] start trial=22
[2026-07-02T16:54:53] done trial=22 collision=False base_h=0 exec_h=0 recovery=0 failed=0
[2026-07-02T16:54:53] start trial=23
[2026-07-02T16:55:19] done trial=23 collision=False base_h=0 exec_h=0 recovery=0 failed=0
[2026-07-02T16:55:19] start trial=24
[2026-07-02T16:56:05] done trial=24 collision=False base_h=0 exec_h=0 recovery=0 failed=0
[2026-07-02T16:56:05] start trial=25
[2026-07-02T16:56:14] done trial=25 collision=False base_h=0 exec_h=0 recovery=0 failed=0
[2026-07-02T16:56:14] start trial=26
[2026-07-02T16:56:26] done trial=26 collision=False base_h=0 exec_h=0 recovery=0 failed=0
[2026-07-02T16:56:26] start trial=27
[2026-07-02T16:57:12] done trial=27 collision=False base_h=4 exec_h=0 recovery=4 failed=0
[2026-07-02T16:57:12] start trial=28
[2026-07-02T16:57:25] done trial=28 collision=False base_h=0 exec_h=0 recovery=0 failed=0
[2026-07-02T16:57:25] start trial=29
[2026-07-02T16:57:34] done trial=29 collision=False base_h=0 exec_h=0 recovery=0 failed=0
[2026-07-02T16:57:34] start trial=30
[2026-07-02T16:57:43] done trial=30 collision=False base_h=0 exec_h=0 recovery=0 failed=0
[2026-07-02T16:57:43] start trial=31
[2026-07-02T17:01:33] done trial=31 collision=False base_h=26 exec_h=0 recovery=26 failed=0
[2026-07-02T17:01:33] start trial=32
[2026-07-02T17:02:27] done trial=32 collision=False base_h=4 exec_h=0 recovery=4 failed=0
[2026-07-02T17:02:27] start trial=33
[2026-07-02T17:02:41] done trial=33 collision=False base_h=0 exec_h=0 recovery=0 failed=0
[2026-07-02T17:02:41] start trial=34
[2026-07-02T17:03:50] done trial=34 collision=False base_h=3 exec_h=0 recovery=3 failed=0
[2026-07-02T17:03:50] start trial=35
[2026-07-02T17:05:07] done trial=35 collision=False base_h=4 exec_h=0 recovery=4 failed=0
[2026-07-02T17:05:07] start trial=36
[2026-07-02T17:06:13] done trial=36 collision=False base_h=3 exec_h=0 recovery=3 failed=0
[2026-07-02T17:06:13] start trial=37
[2026-07-02T17:11:12] done trial=37 collision=False base_h=32 exec_h=0 recovery=32 failed=0
[2026-07-02T17:11:12] start trial=38
[2026-07-02T17:13:03] done trial=38 collision=False base_h=10 exec_h=0 recovery=10 failed=0
[2026-07-02T17:13:03] start trial=39
[2026-07-02T17:13:29] done trial=39 collision=False base_h=0 exec_h=0 recovery=0 failed=0
[2026-07-02T17:13:29] start trial=40
[2026-07-02T17:13:52] done trial=40 collision=False base_h=0 exec_h=0 recovery=0 failed=0
[2026-07-02T17:13:52] start trial=41
[2026-07-02T17:14:17] done trial=41 collision=False base_h=0 exec_h=0 recovery=0 failed=0
[2026-07-02T17:14:17] start trial=42
[2026-07-02T17:14:40] done trial=42 collision=False base_h=0 exec_h=0 recovery=0 failed=0
[2026-07-02T17:14:40] start trial=43
[2026-07-02T17:15:04] done trial=43 collision=False base_h=0 exec_h=0 recovery=0 failed=0
[2026-07-02T17:15:04] start trial=44
[2026-07-02T17:15:28] done trial=44 collision=False base_h=0 exec_h=0 recovery=0 failed=0
[2026-07-02T17:15:28] start trial=45
[2026-07-02T17:15:49] done trial=45 collision=False base_h=0 exec_h=0 recovery=0 failed=0
[2026-07-02T17:15:49] start trial=46
[2026-07-02T17:16:07] done trial=46 collision=False base_h=0 exec_h=0 recovery=0 failed=0
[2026-07-02T17:16:07] start trial=47
[2026-07-02T17:16:25] done trial=47 collision=False base_h=0 exec_h=0 recovery=0 failed=0
[2026-07-02T17:16:25] start trial=48
[2026-07-02T17:16:43] done trial=48 collision=False base_h=0 exec_h=0 recovery=0 failed=0
[2026-07-02T17:16:43] start trial=49
[2026-07-02T17:17:00] done trial=49 collision=False base_h=0 exec_h=0 recovery=0 failed=0
[2026-07-02T17:17:00] start trial=50
[2026-07-02T17:17:17] done trial=50 collision=False base_h=0 exec_h=0 recovery=0 failed=0
[2026-07-02T17:17:17] start trial=51
[2026-07-02T17:17:33] done trial=51 collision=False base_h=0 exec_h=0 recovery=0 failed=0
[2026-07-02T17:17:33] start trial=52
[2026-07-02T17:17:49] done trial=52 collision=False base_h=0 exec_h=0 recovery=0 failed=0
[2026-07-02T17:17:49] start trial=53
[2026-07-02T17:18:05] done trial=53 collision=False base_h=0 exec_h=0 recovery=0 failed=0
[2026-07-02T17:18:05] start trial=54
[2026-07-02T17:18:22] done trial=54 collision=False base_h=0 exec_h=0 recovery=0 failed=0
[2026-07-02T17:18:22] start trial=55
[2026-07-02T17:19:03] done trial=55 collision=False base_h=0 exec_h=0 recovery=0 failed=0
[2026-07-02T17:19:03] start trial=56
[2026-07-02T17:19:21] done trial=56 collision=False base_h=0 exec_h=0 recovery=0 failed=0
[2026-07-02T17:19:21] start trial=57
[2026-07-02T17:19:40] done trial=57 collision=False base_h=0 exec_h=0 recovery=0 failed=0
[2026-07-02T17:19:40] start trial=58
[2026-07-02T17:20:02] done trial=58 collision=False base_h=0 exec_h=0 recovery=0 failed=0
[2026-07-02T17:20:02] start trial=59
[2026-07-02T17:21:49] done trial=59 collision=False base_h=10 exec_h=0 recovery=10 failed=0
[2026-07-02T17:21:49] start trial=60
[2026-07-02T17:22:18] done trial=60 collision=False base_h=0 exec_h=0 recovery=0 failed=0
[2026-07-02T17:22:18] start trial=61
[2026-07-02T17:23:47] done trial=61 collision=False base_h=8 exec_h=0 recovery=8 failed=0
[2026-07-02T17:23:47] start trial=62
[2026-07-02T17:24:20] done trial=62 collision=False base_h=0 exec_h=0 recovery=0 failed=0
[2026-07-02T17:24:20] start trial=63
[2026-07-02T17:24:39] done trial=63 collision=False base_h=0 exec_h=0 recovery=0 failed=0
[2026-07-02T17:24:39] start trial=64
[2026-07-02T17:24:40] done trial=64 collision=False base_h=0 exec_h=0 recovery=0 failed=0
[2026-07-02T17:24:40] start trial=65
[2026-07-02T17:24:56] done trial=65 collision=False base_h=0 exec_h=0 recovery=0 failed=0
[2026-07-02T17:24:56] start trial=66
[2026-07-02T17:25:13] done trial=66 collision=False base_h=0 exec_h=0 recovery=0 failed=0
[2026-07-02T17:25:13] start trial=67
[2026-07-02T17:25:30] done trial=67 collision=False base_h=0 exec_h=0 recovery=0 failed=0
[2026-07-02T17:25:30] start trial=68
[2026-07-02T17:25:46] done trial=68 collision=False base_h=0 exec_h=0 recovery=0 failed=0
[2026-07-02T17:25:46] start trial=69
[2026-07-02T17:26:01] done trial=69 collision=False base_h=0 exec_h=0 recovery=0 failed=0
[2026-07-02T17:26:01] start trial=70
[2026-07-02T17:26:13] done trial=70 collision=False base_h=0 exec_h=0 recovery=0 failed=0
[2026-07-02T17:26:13] start trial=71
[2026-07-02T17:28:16] done trial=71 collision=False base_h=13 exec_h=0 recovery=13 failed=0
[2026-07-02T17:28:16] start trial=72
[2026-07-02T17:28:34] done trial=72 collision=False base_h=0 exec_h=0 recovery=0 failed=0
[2026-07-02T17:28:34] start trial=73
[2026-07-02T17:28:51] done trial=73 collision=False base_h=0 exec_h=0 recovery=0 failed=0
[2026-07-02T17:28:51] start trial=74
[2026-07-02T17:29:09] done trial=74 collision=False base_h=0 exec_h=0 recovery=0 failed=0
[2026-07-02T17:29:09] start trial=75
[2026-07-02T17:29:52] done trial=75 collision=False base_h=0 exec_h=0 recovery=0 failed=0
[2026-07-02T17:29:52] start trial=76
[2026-07-02T17:30:30] done trial=76 collision=False base_h=0 exec_h=0 recovery=0 failed=0
[2026-07-02T17:30:30] start trial=77
[2026-07-02T17:31:05] done trial=77 collision=False base_h=0 exec_h=0 recovery=0 failed=0
[2026-07-02T17:31:05] start trial=78
[2026-07-02T17:31:39] done trial=78 collision=False base_h=0 exec_h=0 recovery=0 failed=0
[2026-07-02T17:31:39] start trial=79
[2026-07-02T17:32:13] done trial=79 collision=False base_h=0 exec_h=0 recovery=0 failed=0
[2026-07-02T17:32:13] start trial=80
[2026-07-02T17:32:53] done trial=80 collision=False base_h=0 exec_h=0 recovery=0 failed=0
[2026-07-02T17:32:53] start trial=81
[2026-07-02T17:33:32] done trial=81 collision=False base_h=0 exec_h=0 recovery=0 failed=0
[2026-07-02T17:33:32] start trial=82
[2026-07-02T17:34:11] done trial=82 collision=False base_h=0 exec_h=0 recovery=0 failed=0
[2026-07-02T17:34:11] start trial=83
[2026-07-02T17:34:19] done trial=83 collision=False base_h=0 exec_h=0 recovery=0 failed=0
[2026-07-02T17:34:19] start trial=84
[2026-07-02T17:34:24] done trial=84 collision=False base_h=0 exec_h=0 recovery=0 failed=0
[2026-07-02T17:34:24] start trial=85
[2026-07-02T17:39:15] done trial=85 collision=False base_h=34 exec_h=0 recovery=34 failed=0
[2026-07-02T17:39:15] start trial=86
[2026-07-02T17:40:08] done trial=86 collision=False base_h=4 exec_h=0 recovery=4 failed=0
[2026-07-02T17:40:08] start trial=87
[2026-07-02T17:40:25] done trial=87 collision=False base_h=0 exec_h=0 recovery=0 failed=0
[2026-07-02T17:40:25] start trial=88
[2026-07-02T17:40:40] done trial=88 collision=False base_h=0 exec_h=0 recovery=0 failed=0
[2026-07-02T17:40:40] start trial=89
[2026-07-02T17:40:53] done trial=89 collision=False base_h=0 exec_h=0 recovery=0 failed=0
[2026-07-02T17:40:53] start trial=90
[2026-07-02T17:41:05] done trial=90 collision=False base_h=0 exec_h=0 recovery=0 failed=0
[2026-07-02T17:41:05] start trial=91
[2026-07-02T17:41:17] done trial=91 collision=False base_h=0 exec_h=0 recovery=0 failed=0
[2026-07-02T17:41:17] start trial=92
[2026-07-02T17:41:30] done trial=92 collision=False base_h=0 exec_h=0 recovery=0 failed=0
[2026-07-02T17:41:30] start trial=93
[2026-07-02T17:42:51] done trial=93 collision=False base_h=8 exec_h=0 recovery=8 failed=0
[2026-07-02T17:42:51] start trial=94
[2026-07-02T17:43:38] done trial=94 collision=False base_h=4 exec_h=0 recovery=4 failed=0
[2026-07-02T17:43:38] start trial=95
[2026-07-02T17:43:58] done trial=95 collision=False base_h=0 exec_h=0 recovery=0 failed=0
[2026-07-02T17:43:58] start trial=96
[2026-07-02T17:44:11] done trial=96 collision=False base_h=0 exec_h=0 recovery=0 failed=0
[2026-07-02T17:44:11] start trial=97
[2026-07-02T17:44:23] done trial=97 collision=False base_h=0 exec_h=0 recovery=0 failed=0
[2026-07-02T17:44:23] start trial=98
[2026-07-02T17:44:32] done trial=98 collision=False base_h=0 exec_h=0 recovery=0 failed=0
[2026-07-02T17:44:32] start trial=99
[2026-07-02T17:44:45] done trial=99 collision=False base_h=0 exec_h=0 recovery=0 failed=0
[2026-07-02T17:44:46] summary=[{'scene': 'flight', 'method': 'risk_aware_v1_bestD', 'rows': 100, 'navigation_executed_count': 100, 'collision_count': 0, 'collision_free_count': 100, 'qp_infeasible_count': 0, 'num_steps': 14243, 'base_horizon_margin_violation_count': 236, 'exec_horizon_margin_violation_count': 0, 'horizon_margin_violation_reduction': 236, 'predictive_recovery_used_count': 236, 'predictive_recovery_success_count': 236, 'recovery_failed_count': 0, 'progress_mean': 0.44878947963771104, 'runtime_mean': 0.17038800644766236, 'runtime_p95': 0.7025225639138373, 'runtime_recovery_mean': 0.11309760061663372, 'control_delta_mean': 0.0003936377468616447, 'min_safety_h_min': 0.0005000508390367031}]
