[2026-07-01T16:16:18] script=/disk1/zlab/projects/safer-splat/work/risk_aware_cbf/scripts/run_risk_aware_v2_adaptive_recovery.py
[2026-07-01T16:16:18] scene=flight methods=['safer_splat_filter', 'risk_aware_v1_bestD', 'risk_aware_v2_adaptive', 'risk_aware_v2_adaptive_recovery'] trials=57-57
[2026-07-01T16:16:18] v2_schedule=h_warning=0.001 h_recovery=0.0004 budgets=(1000,2000,5000,full) recovery=(1.0,0.5,0.5,1.0)
Loading latest checkpoint from load_dir
✅ Done loading checkpoint from outputs/flight/splatfacto/2024-09-12_172434/nerfstudio_models/step-000029999.ckpt
There are 281756 Gaussians in the GSplat model
[2026-07-01T16:16:24] loaded_risk_score_table=work/risk_aware_cbf/results/flight_risk_score_table_v0.csv
[2026-07-01T16:16:24] start method=safer_splat_filter trial=57
ball-to-ellipsoid
[2026-07-01T16:16:45] done method=safer_splat_filter trial=57 stop=stopped_before_goal collision=True steps=138 min_h=-0.0003094291314482689
[2026-07-01T16:16:46] start method=risk_aware_v1_bestD trial=57
ball-to-ellipsoid
[2026-07-01T16:16:58] done method=risk_aware_v1_bestD trial=57 stop=stopped_before_goal collision=True steps=138 min_h=-0.0003094291314482689
[2026-07-01T16:16:58] start method=risk_aware_v2_adaptive trial=57
ball-to-ellipsoid
[2026-07-01T16:17:10] done method=risk_aware_v2_adaptive trial=57 stop=stopped_before_goal collision=True steps=138 min_h=-0.0003094291314482689
[2026-07-01T16:17:10] start method=risk_aware_v2_adaptive_recovery trial=57
ball-to-ellipsoid
[2026-07-01T16:17:22] done method=risk_aware_v2_adaptive_recovery trial=57 stop=stopped_before_goal collision=True steps=137 min_h=-0.0003094291314482689
[2026-07-01T16:17:23] final_summary=[{"scene": "flight", "method": "risk_aware_v1_bestD", "rows": 1, "success_count": 0, "collision_count": 1, "collision_free_count": 0, "stopped_before_goal_count": 1, "solver_failed_count": 0, "min_safety_h_min": -0.0003094291314482689, "min_safety_h_mean": -0.0003094291314482689, "goal_distance_reduction_ratio_mean": 0.5226823949556479, "final_goal_distance_mean": 0.26635536920716085, "closest_goal_distance_mean": 0.26635536920716085, "num_steps_mean": 138.0, "runtime_mean_mean": 0.05252950557548067, "runtime_p95_mean": 0.05853408668190241, "intervention_rate_mean": 0.6014492753623188, "control_deviation_mean_mean": 0.03891824291521867, "active_constraints_mean_mean": 187.16666666666666, "qp_infeasible_count_sum": 0}, {"scene": "flight", "method": "risk_aware_v2_adaptive", "rows": 1, "success_count": 0, "collision_count": 1, "collision_free_count": 0, "stopped_before_goal_count": 1, "solver_failed_count": 0, "min_safety_h_min": -0.0003094291314482689, "min_safety_h_mean": -0.0003094291314482689, "goal_distance_reduction_ratio_mean": 0.5212605302026216, "final_goal_distance_mean": 0.26714880591943085, "closest_goal_distance_mean": 0.26714880591943085, "num_steps_mean": 138.0, "runtime_mean_mean": 0.049807791260705475, "runtime_p95_mean": 0.11028209580108525, "intervention_rate_mean": 0.6666666666666666, "control_deviation_mean_mean": 0.03874817275736162, "active_constraints_mean_mean": 202.20289855072463, "qp_infeasible_count_sum": 0}, {"scene": "flight", "method": "risk_aware_v2_adaptive_recovery", "rows": 1, "success_count": 0, "collision_count": 1, "collision_free_count": 0, "stopped_before_goal_count": 1, "solver_failed_count": 0, "min_safety_h_min": -0.0003094291314482689, "min_safety_h_mean": -0.0003094291314482689, "goal_distance_reduction_ratio_mean": 0.5095887100094513, "final_goal_distance_mean": 0.273661978582699, "closest_goal_distance_mean": 0.273661978582699, "num_steps_mean": 137.0, "runtime_mean_mean": 0.04768913750448366, "runtime_p95_mean": 0.0877901345491404, "intervention_rate_mean": 0.4744525547445255, "control_deviation_mean_mean": 0.03318620688024188, "active_constraints_mean_mean": 181.37226277372264, "qp_infeasible_count_sum": 0}, {"scene": "flight", "method": "safer_splat_filter", "rows": 1, "success_count": 0, "collision_count": 1, "collision_free_count": 0, "stopped_before_goal_count": 1, "solver_failed_count": 0, "min_safety_h_min": -0.0003094291314482689, "min_safety_h_mean": -0.0003094291314482689, "goal_distance_reduction_ratio_mean": 0.5209763611652722, "final_goal_distance_mean": 0.2673073794730994, "closest_goal_distance_mean": 0.2673073794730994, "num_steps_mean": 138.0, "runtime_mean_mean": 0.1151152839479239, "runtime_p95_mean": 0.14971557017415763, "intervention_rate_mean": 0.6739130434782609, "control_deviation_mean_mean": 0.03875179204905934, "active_constraints_mean_mean": 350.60869565217394, "qp_infeasible_count_sum": 0}]
[2026-07-01T16:17:23] wrote=work/risk_aware_cbf/results/risk_aware_v2_flight_trial57
