[2026-07-01T17:11:51] script=/disk1/zlab/projects/safer-splat/work/risk_aware_cbf/scripts/startguard_certify_initial_safety.py
[2026-07-01T17:11:51] scene=stonehenge trials=0-99
Skipping 0 files in dataset split train.
Skipping 0 files in dataset split test.
Loading latest checkpoint from load_dir
✅ Done loading checkpoint from outputs/stonehenge/splatfacto/2024-09-11_100724/nerfstudio_models/step-000029999.ckpt
There are 116446 Gaussians in the GSplat model
[2026-07-01T17:11:55] trial=0 initial_min_safety_h=0.0028044122736901045 status=initial_safe
[2026-07-01T17:11:55] trial=1 initial_min_safety_h=0.003938890993595123 status=initial_safe
[2026-07-01T17:11:55] trial=2 initial_min_safety_h=0.00457016984000802 status=initial_safe
[2026-07-01T17:11:55] trial=3 initial_min_safety_h=0.004661678336560726 status=initial_safe
[2026-07-01T17:11:55] trial=4 initial_min_safety_h=0.004225446842610836 status=initial_safe
[2026-07-01T17:11:55] trial=5 initial_min_safety_h=0.00351358181796968 status=initial_safe
[2026-07-01T17:11:55] trial=6 initial_min_safety_h=0.0028353461530059576 status=initial_safe
[2026-07-01T17:11:55] trial=7 initial_min_safety_h=0.002461774740368128 status=initial_safe
[2026-07-01T17:11:55] trial=8 initial_min_safety_h=0.002449803054332733 status=initial_safe
[2026-07-01T17:11:55] trial=9 initial_min_safety_h=0.002785521326586604 status=initial_safe
[2026-07-01T17:11:55] trial=10 initial_min_safety_h=0.0033378046937286854 status=initial_safe
[2026-07-01T17:11:55] trial=11 initial_min_safety_h=0.0038831382989883423 status=initial_safe
[2026-07-01T17:11:55] trial=12 initial_min_safety_h=0.004264748655259609 status=initial_safe
[2026-07-01T17:11:55] trial=13 initial_min_safety_h=0.00339883822016418 status=initial_safe
[2026-07-01T17:11:55] trial=14 initial_min_safety_h=0.0030401614494621754 status=initial_safe
[2026-07-01T17:11:55] trial=15 initial_min_safety_h=0.0029861133079975843 status=initial_safe
[2026-07-01T17:11:55] trial=16 initial_min_safety_h=0.0025401751045137644 status=initial_safe
[2026-07-01T17:11:55] trial=17 initial_min_safety_h=0.0023867320269346237 status=initial_safe
[2026-07-01T17:11:55] trial=18 initial_min_safety_h=0.002655292395502329 status=initial_safe
[2026-07-01T17:11:55] trial=19 initial_min_safety_h=0.0033199386671185493 status=initial_safe
[2026-07-01T17:11:55] trial=20 initial_min_safety_h=0.0042953649535775185 status=initial_safe
[2026-07-01T17:11:55] trial=21 initial_min_safety_h=0.005234660115092993 status=initial_safe
[2026-07-01T17:11:55] trial=22 initial_min_safety_h=0.005781944841146469 status=initial_safe
[2026-07-01T17:11:55] trial=23 initial_min_safety_h=0.00579824298620224 status=initial_safe
[2026-07-01T17:11:55] trial=24 initial_min_safety_h=0.005244298372417688 status=initial_safe
[2026-07-01T17:11:55] trial=25 initial_min_safety_h=0.004422929137945175 status=initial_safe
[2026-07-01T17:11:55] trial=26 initial_min_safety_h=0.003852076828479767 status=initial_safe
[2026-07-01T17:11:55] trial=27 initial_min_safety_h=0.003575089853256941 status=initial_safe
[2026-07-01T17:11:55] trial=28 initial_min_safety_h=0.0037513836286962032 status=initial_safe
[2026-07-01T17:11:55] trial=29 initial_min_safety_h=0.004341003019362688 status=initial_safe
[2026-07-01T17:11:55] trial=30 initial_min_safety_h=0.005177496001124382 status=initial_safe
[2026-07-01T17:11:55] trial=31 initial_min_safety_h=0.00592860858887434 status=initial_safe
[2026-07-01T17:11:55] trial=32 initial_min_safety_h=0.006368936970829964 status=initial_safe
[2026-07-01T17:11:55] trial=33 initial_min_safety_h=0.006190990097820759 status=initial_safe
[2026-07-01T17:11:55] trial=34 initial_min_safety_h=0.005644969642162323 status=initial_safe
[2026-07-01T17:11:55] trial=35 initial_min_safety_h=0.004912259057164192 status=initial_safe
[2026-07-01T17:11:55] trial=36 initial_min_safety_h=0.004388979636132717 status=initial_safe
[2026-07-01T17:11:55] trial=37 initial_min_safety_h=0.0042250812985002995 status=initial_safe
[2026-07-01T17:11:55] trial=38 initial_min_safety_h=0.004442891106009483 status=initial_safe
[2026-07-01T17:11:55] trial=39 initial_min_safety_h=0.005053486209362745 status=initial_safe
[2026-07-01T17:11:55] trial=40 initial_min_safety_h=0.005273063201457262 status=initial_safe
[2026-07-01T17:11:55] trial=41 initial_min_safety_h=0.005199328996241093 status=initial_safe
[2026-07-01T17:11:56] trial=42 initial_min_safety_h=0.004897160921245813 status=initial_safe
[2026-07-01T17:11:56] trial=43 initial_min_safety_h=0.004107702057808638 status=initial_safe
[2026-07-01T17:11:56] trial=44 initial_min_safety_h=0.003196472069248557 status=initial_safe
[2026-07-01T17:11:56] trial=45 initial_min_safety_h=0.002746662124991417 status=initial_safe
[2026-07-01T17:11:56] trial=46 initial_min_safety_h=0.002549092285335064 status=initial_safe
[2026-07-01T17:11:56] trial=47 initial_min_safety_h=0.0031126756221055984 status=initial_safe
[2026-07-01T17:11:56] trial=48 initial_min_safety_h=0.0037923073396086693 status=initial_safe
[2026-07-01T17:11:56] trial=49 initial_min_safety_h=0.0045848083682358265 status=initial_safe
[2026-07-01T17:11:56] trial=50 initial_min_safety_h=0.005493709351867437 status=initial_safe
[2026-07-01T17:11:56] trial=51 initial_min_safety_h=0.006066901609301567 status=initial_safe
[2026-07-01T17:11:56] trial=52 initial_min_safety_h=0.005440631881356239 status=initial_safe
[2026-07-01T17:11:56] trial=53 initial_min_safety_h=0.005391257815063 status=initial_safe
[2026-07-01T17:11:56] trial=54 initial_min_safety_h=0.004871905781328678 status=initial_safe
[2026-07-01T17:11:56] trial=55 initial_min_safety_h=0.003888648934662342 status=initial_safe
[2026-07-01T17:11:56] trial=56 initial_min_safety_h=0.0032470731530338526 status=initial_safe
[2026-07-01T17:11:56] trial=57 initial_min_safety_h=0.0031476332806050777 status=initial_safe
[2026-07-01T17:11:56] trial=58 initial_min_safety_h=0.00328222569078207 status=initial_safe
[2026-07-01T17:11:56] trial=59 initial_min_safety_h=0.003577148774638772 status=initial_safe
[2026-07-01T17:11:56] trial=60 initial_min_safety_h=0.00404049176722765 status=initial_safe
[2026-07-01T17:11:56] trial=61 initial_min_safety_h=0.004399762488901615 status=initial_safe
[2026-07-01T17:11:56] trial=62 initial_min_safety_h=0.004135213792324066 status=initial_safe
[2026-07-01T17:11:56] trial=63 initial_min_safety_h=0.004140208009630442 status=initial_safe
[2026-07-01T17:11:56] trial=64 initial_min_safety_h=0.0034930319525301456 status=initial_safe
[2026-07-01T17:11:56] trial=65 initial_min_safety_h=0.0028256133664399385 status=initial_safe
[2026-07-01T17:11:56] trial=66 initial_min_safety_h=0.0023741628974676132 status=initial_safe
[2026-07-01T17:11:56] trial=67 initial_min_safety_h=0.002256109844893217 status=initial_safe
[2026-07-01T17:11:56] trial=68 initial_min_safety_h=0.002512403531000018 status=initial_safe
[2026-07-01T17:11:56] trial=69 initial_min_safety_h=0.002859879983589053 status=initial_safe
[2026-07-01T17:11:56] trial=70 initial_min_safety_h=0.003035522997379303 status=initial_safe
[2026-07-01T17:11:56] trial=71 initial_min_safety_h=0.004092000890523195 status=initial_safe
[2026-07-01T17:11:56] trial=72 initial_min_safety_h=0.004650295712053776 status=initial_safe
[2026-07-01T17:11:56] trial=73 initial_min_safety_h=0.004126786254346371 status=initial_safe
[2026-07-01T17:11:56] trial=74 initial_min_safety_h=0.0032621491700410843 status=initial_safe
[2026-07-01T17:11:56] trial=75 initial_min_safety_h=0.0025550059508532286 status=initial_safe
[2026-07-01T17:11:56] trial=76 initial_min_safety_h=0.002326990943402052 status=initial_safe
[2026-07-01T17:11:56] trial=77 initial_min_safety_h=0.002168492414057255 status=initial_safe
[2026-07-01T17:11:56] trial=78 initial_min_safety_h=0.001806587097235024 status=initial_safe
[2026-07-01T17:11:56] trial=79 initial_min_safety_h=0.0015426623867824674 status=initial_safe
[2026-07-01T17:11:56] trial=80 initial_min_safety_h=0.002076034666970372 status=initial_safe
[2026-07-01T17:11:56] trial=81 initial_min_safety_h=0.001843248144723475 status=initial_safe
[2026-07-01T17:11:56] trial=82 initial_min_safety_h=0.0014790999703109264 status=initial_safe
[2026-07-01T17:11:56] trial=83 initial_min_safety_h=0.0015606348169967532 status=initial_safe
[2026-07-01T17:11:56] trial=84 initial_min_safety_h=0.0026087332516908646 status=initial_safe
[2026-07-01T17:11:56] trial=85 initial_min_safety_h=0.0028674404602497816 status=initial_safe
[2026-07-01T17:11:56] trial=86 initial_min_safety_h=0.002503825817257166 status=initial_safe
[2026-07-01T17:11:56] trial=87 initial_min_safety_h=0.0025121124926954508 status=initial_safe
[2026-07-01T17:11:56] trial=88 initial_min_safety_h=0.002895202487707138 status=initial_safe
[2026-07-01T17:11:56] trial=89 initial_min_safety_h=0.003539101220667362 status=initial_safe
[2026-07-01T17:11:56] trial=90 initial_min_safety_h=0.004241044633090496 status=initial_safe
[2026-07-01T17:11:56] trial=91 initial_min_safety_h=0.004637902602553368 status=initial_safe
[2026-07-01T17:11:56] trial=92 initial_min_safety_h=0.004526346921920776 status=initial_safe
[2026-07-01T17:11:56] trial=93 initial_min_safety_h=0.003926029894500971 status=initial_safe
[2026-07-01T17:11:56] trial=94 initial_min_safety_h=0.0029031075537204742 status=initial_safe
[2026-07-01T17:11:56] trial=95 initial_min_safety_h=0.0013984644319862127 status=initial_safe
[2026-07-01T17:11:56] trial=96 initial_min_safety_h=0.0009184342343360186 status=initial_near_unsafe
[2026-07-01T17:11:56] trial=97 initial_min_safety_h=0.0010734248207882047 status=initial_safe
[2026-07-01T17:11:56] trial=98 initial_min_safety_h=0.0016408158699050546 status=initial_safe
[2026-07-01T17:11:56] trial=99 initial_min_safety_h=0.0028044122736901045 status=initial_safe
[2026-07-01T17:11:57] summary={'scene': 'stonehenge', 'total_trials': 100, 'initial_safe': 99, 'initial_near_unsafe': 1, 'initial_unsafe': 0, 'negative_initial_violation_count': 0, 'initial_min_safety_h_min': 0.0009184342343360186, 'initial_min_safety_h_mean': 0.003631154578179121, 'initial_min_safety_h_median': 0.0035570955369621515, 'safety_margin': 0.0005, 'near_unsafe_margin': 0.001}
