[2026-07-01T17:11:32] script=/disk1/zlab/projects/safer-splat/work/risk_aware_cbf/scripts/startguard_certify_initial_safety.py
[2026-07-01T17:11:32] scene=flight trials=0-99
Loading latest checkpoint from load_dir
✅ Done loading checkpoint from outputs/flight/splatfacto/2024-09-12_172434/nerfstudio_models/step-000029999.ckpt
There are 281756 Gaussians in the GSplat model
[2026-07-01T17:11:36] trial=0 initial_min_safety_h=0.013899390585720539 status=initial_safe
[2026-07-01T17:11:36] trial=1 initial_min_safety_h=0.02279922366142273 status=initial_safe
[2026-07-01T17:11:36] trial=2 initial_min_safety_h=0.022068649530410767 status=initial_safe
[2026-07-01T17:11:36] trial=3 initial_min_safety_h=0.02130204066634178 status=initial_safe
[2026-07-01T17:11:36] trial=4 initial_min_safety_h=0.021726708859205246 status=initial_safe
[2026-07-01T17:11:36] trial=5 initial_min_safety_h=0.013842668384313583 status=initial_safe
[2026-07-01T17:11:36] trial=6 initial_min_safety_h=0.0062813530676066875 status=initial_safe
[2026-07-01T17:11:36] trial=7 initial_min_safety_h=0.0031460816971957684 status=initial_safe
[2026-07-01T17:11:36] trial=8 initial_min_safety_h=0.003602371085435152 status=initial_safe
[2026-07-01T17:11:36] trial=9 initial_min_safety_h=0.007821955718100071 status=initial_safe
[2026-07-01T17:11:36] trial=10 initial_min_safety_h=0.00911579467356205 status=initial_safe
[2026-07-01T17:11:36] trial=11 initial_min_safety_h=0.007324282545596361 status=initial_safe
[2026-07-01T17:11:36] trial=12 initial_min_safety_h=0.00588228227570653 status=initial_safe
[2026-07-01T17:11:36] trial=13 initial_min_safety_h=0.004795801360160112 status=initial_safe
[2026-07-01T17:11:36] trial=14 initial_min_safety_h=0.004177215974777937 status=initial_safe
[2026-07-01T17:11:36] trial=15 initial_min_safety_h=0.003688992466777563 status=initial_safe
[2026-07-01T17:11:36] trial=16 initial_min_safety_h=0.0029927860014140606 status=initial_safe
[2026-07-01T17:11:36] trial=17 initial_min_safety_h=0.002390881534665823 status=initial_safe
[2026-07-01T17:11:36] trial=18 initial_min_safety_h=0.0018745976267382503 status=initial_safe
[2026-07-01T17:11:36] trial=19 initial_min_safety_h=0.0010607308940961957 status=initial_safe
[2026-07-01T17:11:36] trial=20 initial_min_safety_h=0.00036034989170730114 status=initial_unsafe
[2026-07-01T17:11:36] trial=21 initial_min_safety_h=0.0004103915998712182 status=initial_unsafe
[2026-07-01T17:11:36] trial=22 initial_min_safety_h=0.0009930204832926393 status=initial_near_unsafe
[2026-07-01T17:11:36] trial=23 initial_min_safety_h=0.00202458119019866 status=initial_safe
[2026-07-01T17:11:36] trial=24 initial_min_safety_h=0.003581412136554718 status=initial_safe
[2026-07-01T17:11:36] trial=25 initial_min_safety_h=0.005704205948859453 status=initial_safe
[2026-07-01T17:11:36] trial=26 initial_min_safety_h=0.008323265239596367 status=initial_safe
[2026-07-01T17:11:36] trial=27 initial_min_safety_h=0.007273742463439703 status=initial_safe
[2026-07-01T17:11:36] trial=28 initial_min_safety_h=0.008711986243724823 status=initial_safe
[2026-07-01T17:11:37] trial=29 initial_min_safety_h=0.015368694439530373 status=initial_safe
[2026-07-01T17:11:37] trial=30 initial_min_safety_h=0.021506167948246002 status=initial_safe
[2026-07-01T17:11:37] trial=31 initial_min_safety_h=0.025260282680392265 status=initial_safe
[2026-07-01T17:11:37] trial=32 initial_min_safety_h=0.028926825150847435 status=initial_safe
[2026-07-01T17:11:37] trial=33 initial_min_safety_h=0.03173230215907097 status=initial_safe
[2026-07-01T17:11:37] trial=34 initial_min_safety_h=0.02501561865210533 status=initial_safe
[2026-07-01T17:11:37] trial=35 initial_min_safety_h=0.014771532267332077 status=initial_safe
[2026-07-01T17:11:37] trial=36 initial_min_safety_h=0.008184333331882954 status=initial_safe
[2026-07-01T17:11:37] trial=37 initial_min_safety_h=0.0046232640743255615 status=initial_safe
[2026-07-01T17:11:37] trial=38 initial_min_safety_h=0.0028733378276228905 status=initial_safe
[2026-07-01T17:11:37] trial=39 initial_min_safety_h=0.003718819934874773 status=initial_safe
[2026-07-01T17:11:37] trial=40 initial_min_safety_h=0.008364210836589336 status=initial_safe
[2026-07-01T17:11:37] trial=41 initial_min_safety_h=0.010496950708329678 status=initial_safe
[2026-07-01T17:11:37] trial=42 initial_min_safety_h=0.010686906054615974 status=initial_safe
[2026-07-01T17:11:37] trial=43 initial_min_safety_h=0.008859449066221714 status=initial_safe
[2026-07-01T17:11:37] trial=44 initial_min_safety_h=0.0065902783535420895 status=initial_safe
[2026-07-01T17:11:37] trial=45 initial_min_safety_h=0.0026997756212949753 status=initial_safe
[2026-07-01T17:11:37] trial=46 initial_min_safety_h=0.000491595477797091 status=initial_unsafe
[2026-07-01T17:11:37] trial=47 initial_min_safety_h=0.001019362243823707 status=initial_safe
[2026-07-01T17:11:37] trial=48 initial_min_safety_h=0.0032184673473238945 status=initial_safe
[2026-07-01T17:11:37] trial=49 initial_min_safety_h=0.008109135553240776 status=initial_safe
[2026-07-01T17:11:37] trial=50 initial_min_safety_h=0.01674528792500496 status=initial_safe
[2026-07-01T17:11:37] trial=51 initial_min_safety_h=0.024104198440909386 status=initial_safe
[2026-07-01T17:11:37] trial=52 initial_min_safety_h=0.0244126133620739 status=initial_safe
[2026-07-01T17:11:37] trial=53 initial_min_safety_h=0.019389089196920395 status=initial_safe
[2026-07-01T17:11:37] trial=54 initial_min_safety_h=0.011260287836194038 status=initial_safe
[2026-07-01T17:11:37] trial=55 initial_min_safety_h=0.004057725425809622 status=initial_safe
[2026-07-01T17:11:37] trial=56 initial_min_safety_h=0.0006113918498158455 status=initial_near_unsafe
[2026-07-01T17:11:37] trial=57 initial_min_safety_h=-0.0003094291314482689 status=initial_unsafe
[2026-07-01T17:11:37] trial=58 initial_min_safety_h=0.00013107038103044033 status=initial_unsafe
[2026-07-01T17:11:37] trial=59 initial_min_safety_h=0.0013642209814861417 status=initial_safe
[2026-07-01T17:11:37] trial=60 initial_min_safety_h=0.0032171248458325863 status=initial_safe
[2026-07-01T17:11:37] trial=61 initial_min_safety_h=0.0068445391952991486 status=initial_safe
[2026-07-01T17:11:37] trial=62 initial_min_safety_h=0.008202087134122849 status=initial_safe
[2026-07-01T17:11:37] trial=63 initial_min_safety_h=0.005434258375316858 status=initial_safe
[2026-07-01T17:11:37] trial=64 initial_min_safety_h=0.0020355344749987125 status=initial_safe
[2026-07-01T17:11:37] trial=65 initial_min_safety_h=0.0011263388441875577 status=initial_safe
[2026-07-01T17:11:37] trial=66 initial_min_safety_h=0.0007171436445787549 status=initial_near_unsafe
[2026-07-01T17:11:37] trial=67 initial_min_safety_h=0.0014136064564809203 status=initial_safe
[2026-07-01T17:11:37] trial=68 initial_min_safety_h=0.002238426823168993 status=initial_safe
[2026-07-01T17:11:37] trial=69 initial_min_safety_h=0.004085669759660959 status=initial_safe
[2026-07-01T17:11:37] trial=70 initial_min_safety_h=0.00695084361359477 status=initial_safe
[2026-07-01T17:11:37] trial=71 initial_min_safety_h=0.010934350080788136 status=initial_safe
[2026-07-01T17:11:37] trial=72 initial_min_safety_h=0.013344686478376389 status=initial_safe
[2026-07-01T17:11:37] trial=73 initial_min_safety_h=0.01304609514772892 status=initial_safe
[2026-07-01T17:11:37] trial=74 initial_min_safety_h=0.012586879543960094 status=initial_safe
[2026-07-01T17:11:37] trial=75 initial_min_safety_h=0.010010910220444202 status=initial_safe
[2026-07-01T17:11:37] trial=76 initial_min_safety_h=0.004806144163012505 status=initial_safe
[2026-07-01T17:11:37] trial=77 initial_min_safety_h=0.003402650821954012 status=initial_safe
[2026-07-01T17:11:37] trial=78 initial_min_safety_h=0.005816914606839418 status=initial_safe
[2026-07-01T17:11:37] trial=79 initial_min_safety_h=0.006150585133582354 status=initial_safe
[2026-07-01T17:11:37] trial=80 initial_min_safety_h=0.005515838507562876 status=initial_safe
[2026-07-01T17:11:37] trial=81 initial_min_safety_h=0.00522488122805953 status=initial_safe
[2026-07-01T17:11:38] trial=82 initial_min_safety_h=0.005277706775814295 status=initial_safe
[2026-07-01T17:11:38] trial=83 initial_min_safety_h=0.005662213545292616 status=initial_safe
[2026-07-01T17:11:38] trial=84 initial_min_safety_h=0.005900681484490633 status=initial_safe
[2026-07-01T17:11:38] trial=85 initial_min_safety_h=0.006476439069956541 status=initial_safe
[2026-07-01T17:11:38] trial=86 initial_min_safety_h=0.005189608316868544 status=initial_safe
[2026-07-01T17:11:38] trial=87 initial_min_safety_h=0.006056756712496281 status=initial_safe
[2026-07-01T17:11:38] trial=88 initial_min_safety_h=0.007319037336856127 status=initial_safe
[2026-07-01T17:11:38] trial=89 initial_min_safety_h=0.010841802693903446 status=initial_safe
[2026-07-01T17:11:38] trial=90 initial_min_safety_h=0.01326307374984026 status=initial_safe
[2026-07-01T17:11:38] trial=91 initial_min_safety_h=0.01619834452867508 status=initial_safe
[2026-07-01T17:11:38] trial=92 initial_min_safety_h=0.018415234982967377 status=initial_safe
[2026-07-01T17:11:38] trial=93 initial_min_safety_h=0.01736963912844658 status=initial_safe
[2026-07-01T17:11:38] trial=94 initial_min_safety_h=0.009879120625555515 status=initial_safe
[2026-07-01T17:11:38] trial=95 initial_min_safety_h=0.005152651574462652 status=initial_safe
[2026-07-01T17:11:38] trial=96 initial_min_safety_h=0.004251991864293814 status=initial_safe
[2026-07-01T17:11:38] trial=97 initial_min_safety_h=0.004041342064738274 status=initial_safe
[2026-07-01T17:11:38] trial=98 initial_min_safety_h=0.006987841334193945 status=initial_safe
[2026-07-01T17:11:38] trial=99 initial_min_safety_h=0.013899390585720539 status=initial_safe
[2026-07-01T17:11:38] summary={'scene': 'flight', 'total_trials': 100, 'initial_safe': 92, 'initial_near_unsafe': 3, 'initial_unsafe': 5, 'negative_initial_violation_count': 1, 'initial_min_safety_h_min': -0.0003094291314482689, 'initial_min_safety_h_mean': 0.008567489152774214, 'initial_min_safety_h_median': 0.006215969100594521, 'safety_margin': 0.0005, 'near_unsafe_margin': 0.001}
